This is XeTeX, Version 3.141592653-2.6-0.999994 (TeX Live 2022) (preloaded format=xelatex 2023.2.17)  19 MAY 2023 20:07
entering extended mode
 restricted \write18 enabled.
 %&-line parsing enabled.
**LDRS664.tex
(./LDRS664.tex
LaTeX2e <2022-11-01> patch level 1
L3 programming layer <2023-02-07> (c:/Users/meekson.hundoo/AppData/Roaming/TinyTeX/texmf-dist/tex/latex/base/book.cls
Document Class: book 2022/07/02 v1.4n Standard LaTeX document class
(c:/Users/meekson.hundoo/AppData/Roaming/TinyTeX/texmf-dist/tex/latex/base/bk10.clo
File: bk10.clo 2022/07/02 v1.4n Standard LaTeX file (size option)
)
\c@part=\count181
\c@chapter=\count182
\c@section=\count183
\c@subsection=\count184
\c@subsubsection=\count185
\c@paragraph=\count186
\c@subparagraph=\count187
\c@figure=\count188
\c@table=\count189
\abovecaptionskip=\skip48
\belowcaptionskip=\skip49
\bibindent=\dimen140
) (c:/Users/meekson.hundoo/AppData/Roaming/TinyTeX/texmf-dist/tex/latex/amsmath/amsmath.sty
Package: amsmath 2022/04/08 v2.17n AMS math features
\@mathmargin=\skip50
For additional information on amsmath, use the `?' option.
(c:/Users/meekson.hundoo/AppData/Roaming/TinyTeX/texmf-dist/tex/latex/amsmath/amstext.sty
Package: amstext 2021/08/26 v2.01 AMS text
(c:/Users/meekson.hundoo/AppData/Roaming/TinyTeX/texmf-dist/tex/latex/amsmath/amsgen.sty
File: amsgen.sty 1999/11/30 v2.0 generic functions
\@emptytoks=\toks16
\ex@=\dimen141
)) (c:/Users/meekson.hundoo/AppData/Roaming/TinyTeX/texmf-dist/tex/latex/amsmath/amsbsy.sty
Package: amsbsy 1999/11/29 v1.2d Bold Symbols
\pmbraise@=\dimen142
) (c:/Users/meekson.hundoo/AppData/Roaming/TinyTeX/texmf-dist/tex/latex/amsmath/amsopn.sty
Package: amsopn 2022/04/08 v2.04 operator names
)
\inf@bad=\count190
LaTeX Info: Redefining \frac on input line 234.
\uproot@=\count191
\leftroot@=\count192
LaTeX Info: Redefining \overline on input line 399.
LaTeX Info: Redefining \colon on input line 410.
\classnum@=\count193
\DOTSCASE@=\count194
LaTeX Info: Redefining \ldots on input line 496.
LaTeX Info: Redefining \dots on input line 499.
LaTeX Info: Redefining \cdots on input line 620.
\Mathstrutbox@=\box51
\strutbox@=\box52
LaTeX Info: Redefining \big on input line 722.
LaTeX Info: Redefining \Big on input line 723.
LaTeX Info: Redefining \bigg on input line 724.
LaTeX Info: Redefining \Bigg on input line 725.
\big@size=\dimen143
LaTeX Font Info:    Redeclaring font encoding OML on input line 743.
LaTeX Font Info:    Redeclaring font encoding OMS on input line 744.
\macc@depth=\count195
LaTeX Info: Redefining \bmod on input line 905.
LaTeX Info: Redefining \pmod on input line 910.
LaTeX Info: Redefining \smash on input line 940.
LaTeX Info: Redefining \relbar on input line 970.
LaTeX Info: Redefining \Relbar on input line 971.
\c@MaxMatrixCols=\count196
\dotsspace@=\muskip16
\c@parentequation=\count197
\dspbrk@lvl=\count198
\tag@help=\toks17
\row@=\count199
\column@=\count266
\maxfields@=\count267
\andhelp@=\toks18
\eqnshift@=\dimen144
\alignsep@=\dimen145
\tagshift@=\dimen146
\tagwidth@=\dimen147
\totwidth@=\dimen148
\lineht@=\dimen149
\@envbody=\toks19
\multlinegap=\skip51
\multlinetaggap=\skip52
\mathdisplay@stack=\toks20
LaTeX Info: Redefining \[ on input line 2953.
LaTeX Info: Redefining \] on input line 2954.
) (c:/Users/meekson.hundoo/AppData/Roaming/TinyTeX/texmf-dist/tex/latex/amsfonts/amssymb.sty
Package: amssymb 2013/01/14 v3.01 AMS font symbols
(c:/Users/meekson.hundoo/AppData/Roaming/TinyTeX/texmf-dist/tex/latex/amsfonts/amsfonts.sty
Package: amsfonts 2013/01/14 v3.01 Basic AMSFonts support
\symAMSa=\mathgroup4
\symAMSb=\mathgroup5
LaTeX Font Info:    Redeclaring math symbol \hbar on input line 98.
LaTeX Font Info:    Overwriting math alphabet `\mathfrak' in version `bold'
(Font)                  U/euf/m/n --> U/euf/b/n on input line 106.
)) (c:/Users/meekson.hundoo/AppData/Roaming/TinyTeX/texmf-dist/tex/latex/lm/lmodern.sty
Package: lmodern 2015/05/01 v1.6.1 Latin Modern Fonts
LaTeX Font Info:    Overwriting symbol font `operators' in version `normal'
(Font)                  OT1/cmr/m/n --> OT1/lmr/m/n on input line 22.
LaTeX Font Info:    Overwriting symbol font `letters' in version `normal'
(Font)                  OML/cmm/m/it --> OML/lmm/m/it on input line 23.
LaTeX Font Info:    Overwriting symbol font `symbols' in version `normal'
(Font)                  OMS/cmsy/m/n --> OMS/lmsy/m/n on input line 24.
LaTeX Font Info:    Overwriting symbol font `largesymbols' in version `normal'
(Font)                  OMX/cmex/m/n --> OMX/lmex/m/n on input line 25.
LaTeX Font Info:    Overwriting symbol font `operators' in version `bold'
(Font)                  OT1/cmr/bx/n --> OT1/lmr/bx/n on input line 26.
LaTeX Font Info:    Overwriting symbol font `letters' in version `bold'
(Font)                  OML/cmm/b/it --> OML/lmm/b/it on input line 27.
LaTeX Font Info:    Overwriting symbol font `symbols' in version `bold'
(Font)                  OMS/cmsy/b/n --> OMS/lmsy/b/n on input line 28.
LaTeX Font Info:    Overwriting symbol font `largesymbols' in version `bold'
(Font)                  OMX/cmex/m/n --> OMX/lmex/m/n on input line 29.
LaTeX Font Info:    Overwriting math alphabet `\mathbf' in version `normal'
(Font)                  OT1/cmr/bx/n --> OT1/lmr/bx/n on input line 31.
LaTeX Font Info:    Overwriting math alphabet `\mathsf' in version `normal'
(Font)                  OT1/cmss/m/n --> OT1/lmss/m/n on input line 32.
LaTeX Font Info:    Overwriting math alphabet `\mathit' in version `normal'
(Font)                  OT1/cmr/m/it --> OT1/lmr/m/it on input line 33.
LaTeX Font Info:    Overwriting math alphabet `\mathtt' in version `normal'
(Font)                  OT1/cmtt/m/n --> OT1/lmtt/m/n on input line 34.
LaTeX Font Info:    Overwriting math alphabet `\mathbf' in version `bold'
(Font)                  OT1/cmr/bx/n --> OT1/lmr/bx/n on input line 35.
LaTeX Font Info:    Overwriting math alphabet `\mathsf' in version `bold'
(Font)                  OT1/cmss/bx/n --> OT1/lmss/bx/n on input line 36.
LaTeX Font Info:    Overwriting math alphabet `\mathit' in version `bold'
(Font)                  OT1/cmr/bx/it --> OT1/lmr/bx/it on input line 37.
LaTeX Font Info:    Overwriting math alphabet `\mathtt' in version `bold'
(Font)                  OT1/cmtt/m/n --> OT1/lmtt/m/n on input line 38.
) (c:/Users/meekson.hundoo/AppData/Roaming/TinyTeX/texmf-dist/tex/generic/iftex/iftex.sty
Package: iftex 2022/02/03 v1.0f TeX engine tests
) (c:/Users/meekson.hundoo/AppData/Roaming/TinyTeX/texmf-dist/tex/latex/unicode-math/unicode-math.sty (c:/Users/meekson.hundoo/AppData/Roaming/TinyTeX/texmf-dist/tex/latex/l3kernel/expl3.sty
Package: expl3 2023-02-07 L3 programming layer (loader) 
(c:/Users/meekson.hundoo/AppData/Roaming/TinyTeX/texmf-dist/tex/latex/l3backend/l3backend-xetex.def
File: l3backend-xetex.def 2023-01-16 L3 backend support: XeTeX
\g__graphics_track_int=\count268
\l__pdf_internal_box=\box53
\g__pdf_backend_object_int=\count269
\g__pdf_backend_annotation_int=\count270
\g__pdf_backend_link_int=\count271
))
Package: unicode-math 2020/01/31 v0.8q Unicode maths in XeLaTeX and LuaLaTeX
(c:/Users/meekson.hundoo/AppData/Roaming/TinyTeX/texmf-dist/tex/latex/unicode-math/unicode-math-xetex.sty
Package: unicode-math-xetex 2020/01/31 v0.8q Unicode maths in XeLaTeX and LuaLaTeX
(c:/Users/meekson.hundoo/AppData/Roaming/TinyTeX/texmf-dist/tex/latex/l3packages/xparse/xparse.sty
Package: xparse 2023-02-02 L3 Experimental document command parser
) (c:/Users/meekson.hundoo/AppData/Roaming/TinyTeX/texmf-dist/tex/latex/l3packages/l3keys2e/l3keys2e.sty
Package: l3keys2e 2023-02-02 LaTeX2e option processing using LaTeX3 keys
) (c:/Users/meekson.hundoo/AppData/Roaming/TinyTeX/texmf-dist/tex/latex/fontspec/fontspec.sty
Package: fontspec 2022/01/15 v2.8a Font selection for XeLaTeX and LuaLaTeX
(c:/Users/meekson.hundoo/AppData/Roaming/TinyTeX/texmf-dist/tex/latex/fontspec/fontspec-xetex.sty
Package: fontspec-xetex 2022/01/15 v2.8a Font selection for XeLaTeX and LuaLaTeX
\l__fontspec_script_int=\count272
\l__fontspec_language_int=\count273
\l__fontspec_strnum_int=\count274
\l__fontspec_tmp_int=\count275
\l__fontspec_tmpa_int=\count276
\l__fontspec_tmpb_int=\count277
\l__fontspec_tmpc_int=\count278
\l__fontspec_em_int=\count279
\l__fontspec_emdef_int=\count280
\l__fontspec_strong_int=\count281
\l__fontspec_strongdef_int=\count282
\l__fontspec_tmpa_dim=\dimen150
\l__fontspec_tmpb_dim=\dimen151
\l__fontspec_tmpc_dim=\dimen152
(c:/Users/meekson.hundoo/AppData/Roaming/TinyTeX/texmf-dist/tex/latex/base/fontenc.sty
Package: fontenc 2021/04/29 v2.0v Standard LaTeX package
) (c:/Users/meekson.hundoo/AppData/Roaming/TinyTeX/texmf-dist/tex/latex/fontspec/fontspec.cfg))) (c:/Users/meekson.hundoo/AppData/Roaming/TinyTeX/texmf-dist/tex/latex/base/fix-cm.sty
Package: fix-cm 2020/11/24 v1.1t fixes to LaTeX
(c:/Users/meekson.hundoo/AppData/Roaming/TinyTeX/texmf-dist/tex/latex/base/ts1enc.def
File: ts1enc.def 2001/06/05 v3.0e (jk/car/fm) Standard LaTeX file
LaTeX Font Info:    Redeclaring font encoding TS1 on input line 47.
))
\g__um_fam_int=\count283
\g__um_fonts_used_int=\count284
\l__um_primecount_int=\count285
\g__um_primekern_muskip=\muskip17
(c:/Users/meekson.hundoo/AppData/Roaming/TinyTeX/texmf-dist/tex/latex/unicode-math/unicode-math-table.tex))) (c:/Users/meekson.hundoo/AppData/Roaming/TinyTeX/texmf-dist/tex/latex/xcolor/xcolor.sty
Package: xcolor 2022/06/12 v2.14 LaTeX color extensions (UK)
(c:/Users/meekson.hundoo/AppData/Roaming/TinyTeX/texmf-dist/tex/latex/graphics-cfg/color.cfg
File: color.cfg 2016/01/02 v1.6 sample color configuration
)
Package xcolor Info: Driver file: xetex.def on input line 227.
(c:/Users/meekson.hundoo/AppData/Roaming/TinyTeX/texmf-dist/tex/latex/graphics-def/xetex.def
File: xetex.def 2022/09/22 v5.0n Graphics/color driver for xetex
) (c:/Users/meekson.hundoo/AppData/Roaming/TinyTeX/texmf-dist/tex/latex/graphics/mathcolor.ltx)
Package xcolor Info: Model `cmy' substituted by `cmy0' on input line 1353.
Package xcolor Info: Model `RGB' extended on input line 1369.
Package xcolor Info: Model `HTML' substituted by `rgb' on input line 1371.
Package xcolor Info: Model `Hsb' substituted by `hsb' on input line 1372.
Package xcolor Info: Model `tHsb' substituted by `hsb' on input line 1373.
Package xcolor Info: Model `HSB' substituted by `hsb' on input line 1374.
Package xcolor Info: Model `Gray' substituted by `gray' on input line 1375.
Package xcolor Info: Model `wave' substituted by `hsb' on input line 1376.
) (c:/Users/meekson.hundoo/AppData/Roaming/TinyTeX/texmf-dist/tex/latex/tools/longtable.sty
Package: longtable 2021-09-01 v4.17 Multi-page Table package (DPC)
\LTleft=\skip53
\LTright=\skip54
\LTpre=\skip55
\LTpost=\skip56
\LTchunksize=\count286
\LTcapwidth=\dimen153
\LT@head=\box54
\LT@firsthead=\box55
\LT@foot=\box56
\LT@lastfoot=\box57
\LT@gbox=\box58
\LT@cols=\count287
\LT@rows=\count288
\c@LT@tables=\count289
\c@LT@chunks=\count290
\LT@p@ftn=\toks21
) (c:/Users/meekson.hundoo/AppData/Roaming/TinyTeX/texmf-dist/tex/latex/booktabs/booktabs.sty
Package: booktabs 2020/01/12 v1.61803398 Publication quality tables
\heavyrulewidth=\dimen154
\lightrulewidth=\dimen155
\cmidrulewidth=\dimen156
\belowrulesep=\dimen157
\belowbottomsep=\dimen158
\aboverulesep=\dimen159
\abovetopsep=\dimen160
\cmidrulesep=\dimen161
\cmidrulekern=\dimen162
\defaultaddspace=\dimen163
\@cmidla=\count291
\@cmidlb=\count292
\@aboverulesep=\dimen164
\@belowrulesep=\dimen165
\@thisruleclass=\count293
\@lastruleclass=\count294
\@thisrulewidth=\dimen166
) (c:/Users/meekson.hundoo/AppData/Roaming/TinyTeX/texmf-dist/tex/latex/tools/array.sty
Package: array 2022/09/04 v2.5g Tabular extension package (FMi)
\col@sep=\dimen167
\ar@mcellbox=\box59
\extrarowheight=\dimen168
\NC@list=\toks22
\extratabsurround=\skip57
\backup@length=\skip58
\ar@cellbox=\box60
) (c:/Users/meekson.hundoo/AppData/Roaming/TinyTeX/texmf-dist/tex/latex/tools/calc.sty
Package: calc 2017/05/25 v4.3 Infix arithmetic (KKT,FJ)
\calc@Acount=\count295
\calc@Bcount=\count296
\calc@Adimen=\dimen169
\calc@Bdimen=\dimen170
\calc@Askip=\skip59
\calc@Bskip=\skip60
LaTeX Info: Redefining \setlength on input line 80.
LaTeX Info: Redefining \addtolength on input line 81.
\calc@Ccount=\count297
\calc@Cskip=\skip61
) (c:/Users/meekson.hundoo/AppData/Roaming/TinyTeX/texmf-dist/tex/latex/etoolbox/etoolbox.sty
Package: etoolbox 2020/10/05 v2.5k e-TeX tools for LaTeX (JAW)
\etb@tempcnta=\count298
) (c:/Users/meekson.hundoo/AppData/Roaming/TinyTeX/texmf-dist/tex/latex/mdwtools/footnote.sty
Package: footnote 1997/01/28 1.13 Save footnotes around boxes
\fn@notes=\box61
\fn@width=\dimen171
) (c:/Users/meekson.hundoo/AppData/Roaming/TinyTeX/texmf-dist/tex/latex/graphics/graphicx.sty
Package: graphicx 2021/09/16 v1.2d Enhanced LaTeX Graphics (DPC,SPQR)
(c:/Users/meekson.hundoo/AppData/Roaming/TinyTeX/texmf-dist/tex/latex/graphics/keyval.sty
Package: keyval 2022/05/29 v1.15 key=value parser (DPC)
\KV@toks@=\toks23
) (c:/Users/meekson.hundoo/AppData/Roaming/TinyTeX/texmf-dist/tex/latex/graphics/graphics.sty
Package: graphics 2022/03/10 v1.4e Standard LaTeX Graphics (DPC,SPQR)
(c:/Users/meekson.hundoo/AppData/Roaming/TinyTeX/texmf-dist/tex/latex/graphics/trig.sty
Package: trig 2021/08/11 v1.11 sin cos tan (DPC)
) (c:/Users/meekson.hundoo/AppData/Roaming/TinyTeX/texmf-dist/tex/latex/graphics-cfg/graphics.cfg
File: graphics.cfg 2016/06/04 v1.11 sample graphics configuration
)
Package graphics Info: Driver file: xetex.def on input line 107.
)
\Gin@req@height=\dimen172
\Gin@req@width=\dimen173
) (c:/Users/meekson.hundoo/AppData/Roaming/TinyTeX/texmf-dist/tex/latex/amscls/amsthm.sty
Package: amsthm 2020/05/29 v2.20.6
\thm@style=\toks24
\thm@bodyfont=\toks25
\thm@headfont=\toks26
\thm@notefont=\toks27
\thm@headpunct=\toks28
\thm@preskip=\skip62
\thm@postskip=\skip63
\thm@headsep=\skip64
\dth@everypar=\toks29
) (c:/Users/meekson.hundoo/AppData/Roaming/TinyTeX/texmf-dist/tex/latex/tcolorbox/tcolorbox.sty
Package: tcolorbox 2023/02/12 version 6.0.1 text color boxes
(c:/Users/meekson.hundoo/AppData/Roaming/TinyTeX/texmf-dist/tex/latex/pgf/basiclayer/pgf.sty (c:/Users/meekson.hundoo/AppData/Roaming/TinyTeX/texmf-dist/tex/latex/pgf/utilities/pgfrcs.sty (c:/Users/meekson.hundoo/AppData/Roaming/TinyTeX/texmf-dist/tex/generic/pgf/utilities/pgfutil-common.tex
\pgfutil@everybye=\toks30
\pgfutil@tempdima=\dimen174
\pgfutil@tempdimb=\dimen175
) (c:/Users/meekson.hundoo/AppData/Roaming/TinyTeX/texmf-dist/tex/generic/pgf/utilities/pgfutil-latex.def
\pgfutil@abb=\box62
) (c:/Users/meekson.hundoo/AppData/Roaming/TinyTeX/texmf-dist/tex/generic/pgf/utilities/pgfrcs.code.tex (c:/Users/meekson.hundoo/AppData/Roaming/TinyTeX/texmf-dist/tex/generic/pgf/pgf.revision.tex)
Package: pgfrcs 2023-01-15 v3.1.10 (3.1.10)
))
Package: pgf 2023-01-15 v3.1.10 (3.1.10)
(c:/Users/meekson.hundoo/AppData/Roaming/TinyTeX/texmf-dist/tex/latex/pgf/basiclayer/pgfcore.sty (c:/Users/meekson.hundoo/AppData/Roaming/TinyTeX/texmf-dist/tex/latex/pgf/systemlayer/pgfsys.sty (c:/Users/meekson.hundoo/AppData/Roaming/TinyTeX/texmf-dist/tex/generic/pgf/systemlayer/pgfsys.code.tex
Package: pgfsys 2023-01-15 v3.1.10 (3.1.10)
(c:/Users/meekson.hundoo/AppData/Roaming/TinyTeX/texmf-dist/tex/generic/pgf/utilities/pgfkeys.code.tex
\pgfkeys@pathtoks=\toks31
\pgfkeys@temptoks=\toks32
(c:/Users/meekson.hundoo/AppData/Roaming/TinyTeX/texmf-dist/tex/generic/pgf/utilities/pgfkeyslibraryfiltered.code.tex
\pgfkeys@tmptoks=\toks33
))
\pgf@x=\dimen176
\pgf@y=\dimen177
\pgf@xa=\dimen178
\pgf@ya=\dimen179
\pgf@xb=\dimen180
\pgf@yb=\dimen181
\pgf@xc=\dimen182
\pgf@yc=\dimen183
\pgf@xd=\dimen184
\pgf@yd=\dimen185
\w@pgf@writea=\write3
\r@pgf@reada=\read2
\c@pgf@counta=\count299
\c@pgf@countb=\count300
\c@pgf@countc=\count301
\c@pgf@countd=\count302
\t@pgf@toka=\toks34
\t@pgf@tokb=\toks35
\t@pgf@tokc=\toks36
\pgf@sys@id@count=\count303
(c:/Users/meekson.hundoo/AppData/Roaming/TinyTeX/texmf-dist/tex/generic/pgf/systemlayer/pgf.cfg
File: pgf.cfg 2023-01-15 v3.1.10 (3.1.10)
)
Driver file for pgf: pgfsys-xetex.def
(c:/Users/meekson.hundoo/AppData/Roaming/TinyTeX/texmf-dist/tex/generic/pgf/systemlayer/pgfsys-xetex.def
File: pgfsys-xetex.def 2023-01-15 v3.1.10 (3.1.10)
(c:/Users/meekson.hundoo/AppData/Roaming/TinyTeX/texmf-dist/tex/generic/pgf/systemlayer/pgfsys-dvipdfmx.def
File: pgfsys-dvipdfmx.def 2023-01-15 v3.1.10 (3.1.10)
(c:/Users/meekson.hundoo/AppData/Roaming/TinyTeX/texmf-dist/tex/generic/pgf/systemlayer/pgfsys-common-pdf.def
File: pgfsys-common-pdf.def 2023-01-15 v3.1.10 (3.1.10)
)
\pgfsys@objnum=\count304
))) (c:/Users/meekson.hundoo/AppData/Roaming/TinyTeX/texmf-dist/tex/generic/pgf/systemlayer/pgfsyssoftpath.code.tex
File: pgfsyssoftpath.code.tex 2023-01-15 v3.1.10 (3.1.10)
\pgfsyssoftpath@smallbuffer@items=\count305
\pgfsyssoftpath@bigbuffer@items=\count306
) (c:/Users/meekson.hundoo/AppData/Roaming/TinyTeX/texmf-dist/tex/generic/pgf/systemlayer/pgfsysprotocol.code.tex
File: pgfsysprotocol.code.tex 2023-01-15 v3.1.10 (3.1.10)
)) (c:/Users/meekson.hundoo/AppData/Roaming/TinyTeX/texmf-dist/tex/generic/pgf/basiclayer/pgfcore.code.tex
Package: pgfcore 2023-01-15 v3.1.10 (3.1.10)
(c:/Users/meekson.hundoo/AppData/Roaming/TinyTeX/texmf-dist/tex/generic/pgf/math/pgfmath.code.tex (c:/Users/meekson.hundoo/AppData/Roaming/TinyTeX/texmf-dist/tex/generic/pgf/math/pgfmathutil.code.tex) (c:/Users/meekson.hundoo/AppData/Roaming/TinyTeX/texmf-dist/tex/generic/pgf/math/pgfmathparser.code.tex
\pgfmath@dimen=\dimen186
\pgfmath@count=\count307
\pgfmath@box=\box63
\pgfmath@toks=\toks37
\pgfmath@stack@operand=\toks38
\pgfmath@stack@operation=\toks39
) (c:/Users/meekson.hundoo/AppData/Roaming/TinyTeX/texmf-dist/tex/generic/pgf/math/pgfmathfunctions.code.tex) (c:/Users/meekson.hundoo/AppData/Roaming/TinyTeX/texmf-dist/tex/generic/pgf/math/pgfmathfunctions.basic.code.tex) (c:/Users/meekson.hundoo/AppData/Roaming/TinyTeX/texmf-dist/tex/generic/pgf/math/pgfmathfunctions.trigonometric.code.tex) (c:/Users/meekson.hundoo/AppData/Roaming/TinyTeX/texmf-dist/tex/generic/pgf/math/pgfmathfunctions.random.code.tex) (c:/Users/meekson.hundoo/AppData/Roaming/TinyTeX/texmf-dist/tex/generic/pgf/math/pgfmathfunctions.comparison.code.tex) (c:/Users/meekson.hundoo/AppData/Roaming/TinyTeX/texmf-dist/tex/generic/pgf/math/pgfmathfunctions.base.code.tex) (c:/Users/meekson.hundoo/AppData/Roaming/TinyTeX/texmf-dist/tex/generic/pgf/math/pgfmathfunctions.round.code.tex) (c:/Users/meekson.hundoo/AppData/Roaming/TinyTeX/texmf-dist/tex/generic/pgf/math/pgfmathfunctions.misc.code.tex) (c:/Users/meekson.hundoo/AppData/Roaming/TinyTeX/texmf-dist/tex/generic/pgf/math/pgfmathfunctions.integerarithmetics.code.tex) (c:/Users/meekson.hundoo/AppData/Roaming/TinyTeX/texmf-dist/tex/generic/pgf/math/pgfmathcalc.code.tex) (c:/Users/meekson.hundoo/AppData/Roaming/TinyTeX/texmf-dist/tex/generic/pgf/math/pgfmathfloat.code.tex
\c@pgfmathroundto@lastzeros=\count308
)) (c:/Users/meekson.hundoo/AppData/Roaming/TinyTeX/texmf-dist/tex/generic/pgf/math/pgfint.code.tex) (c:/Users/meekson.hundoo/AppData/Roaming/TinyTeX/texmf-dist/tex/generic/pgf/basiclayer/pgfcorepoints.code.tex
File: pgfcorepoints.code.tex 2023-01-15 v3.1.10 (3.1.10)
\pgf@picminx=\dimen187
\pgf@picmaxx=\dimen188
\pgf@picminy=\dimen189
\pgf@picmaxy=\dimen190
\pgf@pathminx=\dimen191
\pgf@pathmaxx=\dimen192
\pgf@pathminy=\dimen193
\pgf@pathmaxy=\dimen194
\pgf@xx=\dimen195
\pgf@xy=\dimen196
\pgf@yx=\dimen197
\pgf@yy=\dimen198
\pgf@zx=\dimen199
\pgf@zy=\dimen256
) (c:/Users/meekson.hundoo/AppData/Roaming/TinyTeX/texmf-dist/tex/generic/pgf/basiclayer/pgfcorepathconstruct.code.tex
File: pgfcorepathconstruct.code.tex 2023-01-15 v3.1.10 (3.1.10)
\pgf@path@lastx=\dimen257
\pgf@path@lasty=\dimen258
) (c:/Users/meekson.hundoo/AppData/Roaming/TinyTeX/texmf-dist/tex/generic/pgf/basiclayer/pgfcorepathusage.code.tex
File: pgfcorepathusage.code.tex 2023-01-15 v3.1.10 (3.1.10)
\pgf@shorten@end@additional=\dimen259
\pgf@shorten@start@additional=\dimen260
) (c:/Users/meekson.hundoo/AppData/Roaming/TinyTeX/texmf-dist/tex/generic/pgf/basiclayer/pgfcorescopes.code.tex
File: pgfcorescopes.code.tex 2023-01-15 v3.1.10 (3.1.10)
\pgfpic=\box64
\pgf@hbox=\box65
\pgf@layerbox@main=\box66
\pgf@picture@serial@count=\count309
) (c:/Users/meekson.hundoo/AppData/Roaming/TinyTeX/texmf-dist/tex/generic/pgf/basiclayer/pgfcoregraphicstate.code.tex
File: pgfcoregraphicstate.code.tex 2023-01-15 v3.1.10 (3.1.10)
\pgflinewidth=\dimen261
) (c:/Users/meekson.hundoo/AppData/Roaming/TinyTeX/texmf-dist/tex/generic/pgf/basiclayer/pgfcoretransformations.code.tex
File: pgfcoretransformations.code.tex 2023-01-15 v3.1.10 (3.1.10)
\pgf@pt@x=\dimen262
\pgf@pt@y=\dimen263
\pgf@pt@temp=\dimen264
) (c:/Users/meekson.hundoo/AppData/Roaming/TinyTeX/texmf-dist/tex/generic/pgf/basiclayer/pgfcorequick.code.tex
File: pgfcorequick.code.tex 2023-01-15 v3.1.10 (3.1.10)
) (c:/Users/meekson.hundoo/AppData/Roaming/TinyTeX/texmf-dist/tex/generic/pgf/basiclayer/pgfcoreobjects.code.tex
File: pgfcoreobjects.code.tex 2023-01-15 v3.1.10 (3.1.10)
) (c:/Users/meekson.hundoo/AppData/Roaming/TinyTeX/texmf-dist/tex/generic/pgf/basiclayer/pgfcorepathprocessing.code.tex
File: pgfcorepathprocessing.code.tex 2023-01-15 v3.1.10 (3.1.10)
) (c:/Users/meekson.hundoo/AppData/Roaming/TinyTeX/texmf-dist/tex/generic/pgf/basiclayer/pgfcorearrows.code.tex
File: pgfcorearrows.code.tex 2023-01-15 v3.1.10 (3.1.10)
\pgfarrowsep=\dimen265
) (c:/Users/meekson.hundoo/AppData/Roaming/TinyTeX/texmf-dist/tex/generic/pgf/basiclayer/pgfcoreshade.code.tex
File: pgfcoreshade.code.tex 2023-01-15 v3.1.10 (3.1.10)
\pgf@max=\dimen266
\pgf@sys@shading@range@num=\count310
\pgf@shadingcount=\count311
) (c:/Users/meekson.hundoo/AppData/Roaming/TinyTeX/texmf-dist/tex/generic/pgf/basiclayer/pgfcoreimage.code.tex
File: pgfcoreimage.code.tex 2023-01-15 v3.1.10 (3.1.10)
) (c:/Users/meekson.hundoo/AppData/Roaming/TinyTeX/texmf-dist/tex/generic/pgf/basiclayer/pgfcoreexternal.code.tex
File: pgfcoreexternal.code.tex 2023-01-15 v3.1.10 (3.1.10)
\pgfexternal@startupbox=\box67
) (c:/Users/meekson.hundoo/AppData/Roaming/TinyTeX/texmf-dist/tex/generic/pgf/basiclayer/pgfcorelayers.code.tex
File: pgfcorelayers.code.tex 2023-01-15 v3.1.10 (3.1.10)
) (c:/Users/meekson.hundoo/AppData/Roaming/TinyTeX/texmf-dist/tex/generic/pgf/basiclayer/pgfcoretransparency.code.tex
File: pgfcoretransparency.code.tex 2023-01-15 v3.1.10 (3.1.10)
) (c:/Users/meekson.hundoo/AppData/Roaming/TinyTeX/texmf-dist/tex/generic/pgf/basiclayer/pgfcorepatterns.code.tex
File: pgfcorepatterns.code.tex 2023-01-15 v3.1.10 (3.1.10)
) (c:/Users/meekson.hundoo/AppData/Roaming/TinyTeX/texmf-dist/tex/generic/pgf/basiclayer/pgfcorerdf.code.tex
File: pgfcorerdf.code.tex 2023-01-15 v3.1.10 (3.1.10)
))) (c:/Users/meekson.hundoo/AppData/Roaming/TinyTeX/texmf-dist/tex/generic/pgf/modules/pgfmoduleshapes.code.tex
File: pgfmoduleshapes.code.tex 2023-01-15 v3.1.10 (3.1.10)
\pgfnodeparttextbox=\box68
) (c:/Users/meekson.hundoo/AppData/Roaming/TinyTeX/texmf-dist/tex/generic/pgf/modules/pgfmoduleplot.code.tex
File: pgfmoduleplot.code.tex 2023-01-15 v3.1.10 (3.1.10)
) (c:/Users/meekson.hundoo/AppData/Roaming/TinyTeX/texmf-dist/tex/latex/pgf/compatibility/pgfcomp-version-0-65.sty
Package: pgfcomp-version-0-65 2023-01-15 v3.1.10 (3.1.10)
\pgf@nodesepstart=\dimen267
\pgf@nodesepend=\dimen268
) (c:/Users/meekson.hundoo/AppData/Roaming/TinyTeX/texmf-dist/tex/latex/pgf/compatibility/pgfcomp-version-1-18.sty
Package: pgfcomp-version-1-18 2023-01-15 v3.1.10 (3.1.10)
)) (c:/Users/meekson.hundoo/AppData/Roaming/TinyTeX/texmf-dist/tex/latex/tools/verbatim.sty
Package: verbatim 2022-07-02 v1.5u LaTeX2e package for verbatim enhancements
\every@verbatim=\toks40
\verbatim@line=\toks41
\verbatim@in@stream=\read3
) (c:/Users/meekson.hundoo/AppData/Roaming/TinyTeX/texmf-dist/tex/latex/environ/environ.sty
Package: environ 2014/05/04 v0.3 A new way to define environments
(c:/Users/meekson.hundoo/AppData/Roaming/TinyTeX/texmf-dist/tex/latex/trimspaces/trimspaces.sty
Package: trimspaces 2009/09/17 v1.1 Trim spaces around a token list
))
\tcb@titlebox=\box69
\tcb@upperbox=\box70
\tcb@lowerbox=\box71
\tcb@phantombox=\box72
\c@tcbbreakpart=\count312
\c@tcblayer=\count313
\c@tcolorbox@number=\count314
\tcb@temp=\box73
\tcb@temp=\box74
\tcb@temp=\box75
\tcb@temp=\box76
) (c:/Users/meekson.hundoo/AppData/Roaming/TinyTeX/texmf-dist/tex/latex/natbib/natbib.sty
Package: natbib 2010/09/13 8.31b (PWD, AO)
\bibhang=\skip65
\bibsep=\skip66
LaTeX Info: Redefining \cite on input line 694.
\c@NAT@ctr=\count315
) (c:/Users/meekson.hundoo/AppData/Roaming/TinyTeX/texmf-dist/tex/latex/hyperref/hyperref.sty
Package: hyperref 2023-02-07 v7.00v Hypertext links for LaTeX
(c:/Users/meekson.hundoo/AppData/Roaming/TinyTeX/texmf-dist/tex/generic/ltxcmds/ltxcmds.sty
Package: ltxcmds 2020-05-10 v1.25 LaTeX kernel commands for general use (HO)
) (c:/Users/meekson.hundoo/AppData/Roaming/TinyTeX/texmf-dist/tex/generic/pdftexcmds/pdftexcmds.sty
Package: pdftexcmds 2020-06-27 v0.33 Utility functions of pdfTeX for LuaTeX (HO)
(c:/Users/meekson.hundoo/AppData/Roaming/TinyTeX/texmf-dist/tex/generic/infwarerr/infwarerr.sty
Package: infwarerr 2019/12/03 v1.5 Providing info/warning/error messages (HO)
)
Package pdftexcmds Info: \pdf@primitive is available.
Package pdftexcmds Info: \pdf@ifprimitive is available.
Package pdftexcmds Info: \pdfdraftmode not found.
) (c:/Users/meekson.hundoo/AppData/Roaming/TinyTeX/texmf-dist/tex/latex/kvsetkeys/kvsetkeys.sty
Package: kvsetkeys 2022-10-05 v1.19 Key value parser (HO)
) (c:/Users/meekson.hundoo/AppData/Roaming/TinyTeX/texmf-dist/tex/generic/kvdefinekeys/kvdefinekeys.sty
Package: kvdefinekeys 2019-12-19 v1.6 Define keys (HO)
) (c:/Users/meekson.hundoo/AppData/Roaming/TinyTeX/texmf-dist/tex/generic/pdfescape/pdfescape.sty
Package: pdfescape 2019/12/09 v1.15 Implements pdfTeX's escape features (HO)
) (c:/Users/meekson.hundoo/AppData/Roaming/TinyTeX/texmf-dist/tex/latex/hycolor/hycolor.sty
Package: hycolor 2020-01-27 v1.10 Color options for hyperref/bookmark (HO)
) (c:/Users/meekson.hundoo/AppData/Roaming/TinyTeX/texmf-dist/tex/latex/letltxmacro/letltxmacro.sty
Package: letltxmacro 2019/12/03 v1.6 Let assignment for LaTeX macros (HO)
) (c:/Users/meekson.hundoo/AppData/Roaming/TinyTeX/texmf-dist/tex/latex/auxhook/auxhook.sty
Package: auxhook 2019-12-17 v1.6 Hooks for auxiliary files (HO)
) (c:/Users/meekson.hundoo/AppData/Roaming/TinyTeX/texmf-dist/tex/latex/hyperref/nameref.sty
Package: nameref 2022-05-17 v2.50 Cross-referencing by name of section
(c:/Users/meekson.hundoo/AppData/Roaming/TinyTeX/texmf-dist/tex/latex/refcount/refcount.sty
Package: refcount 2019/12/15 v3.6 Data extraction from label references (HO)
) (c:/Users/meekson.hundoo/AppData/Roaming/TinyTeX/texmf-dist/tex/generic/gettitlestring/gettitlestring.sty
Package: gettitlestring 2019/12/15 v1.6 Cleanup title references (HO)
(c:/Users/meekson.hundoo/AppData/Roaming/TinyTeX/texmf-dist/tex/latex/kvoptions/kvoptions.sty
Package: kvoptions 2022-06-15 v3.15 Key value format for package options (HO)
))
\c@section@level=\count316
)
\@linkdim=\dimen269
\Hy@linkcounter=\count317
\Hy@pagecounter=\count318
(c:/Users/meekson.hundoo/AppData/Roaming/TinyTeX/texmf-dist/tex/latex/hyperref/pd1enc.def
File: pd1enc.def 2023-02-07 v7.00v Hyperref: PDFDocEncoding definition (HO)
) (c:/Users/meekson.hundoo/AppData/Roaming/TinyTeX/texmf-dist/tex/generic/intcalc/intcalc.sty
Package: intcalc 2019/12/15 v1.3 Expandable calculations with integers (HO)
) (c:/Users/meekson.hundoo/AppData/Roaming/TinyTeX/texmf-dist/tex/generic/etexcmds/etexcmds.sty
Package: etexcmds 2019/12/15 v1.7 Avoid name clashes with e-TeX commands (HO)
)
\Hy@SavedSpaceFactor=\count319
(c:/Users/meekson.hundoo/AppData/Roaming/TinyTeX/texmf-dist/tex/latex/hyperref/puenc.def
File: puenc.def 2023-02-07 v7.00v Hyperref: PDF Unicode definition (HO)
)
Package hyperref Info: Option `unicode' set `true' on input line 4060.
Package hyperref Info: Hyper figures OFF on input line 4177.
Package hyperref Info: Link nesting OFF on input line 4182.
Package hyperref Info: Hyper index ON on input line 4185.
Package hyperref Info: Plain pages OFF on input line 4192.
Package hyperref Info: Backreferencing OFF on input line 4197.
Package hyperref Info: Implicit mode ON; LaTeX internals redefined.
Package hyperref Info: Bookmarks ON on input line 4425.
\c@Hy@tempcnt=\count320
(c:/Users/meekson.hundoo/AppData/Roaming/TinyTeX/texmf-dist/tex/latex/url/url.sty
\Urlmuskip=\muskip18
Package: url 2013/09/16  ver 3.4  Verb mode for urls, etc.
)
LaTeX Info: Redefining \url on input line 4763.
\XeTeXLinkMargin=\dimen270
(c:/Users/meekson.hundoo/AppData/Roaming/TinyTeX/texmf-dist/tex/generic/bitset/bitset.sty
Package: bitset 2019/12/09 v1.3 Handle bit-vector datatype (HO)
(c:/Users/meekson.hundoo/AppData/Roaming/TinyTeX/texmf-dist/tex/generic/bigintcalc/bigintcalc.sty
Package: bigintcalc 2019/12/15 v1.5 Expandable calculations on big integers (HO)
))
\Fld@menulength=\count321
\Field@Width=\dimen271
\Fld@charsize=\dimen272
Package hyperref Info: Hyper figures OFF on input line 6042.
Package hyperref Info: Link nesting OFF on input line 6047.
Package hyperref Info: Hyper index ON on input line 6050.
Package hyperref Info: backreferencing OFF on input line 6057.
Package hyperref Info: Link coloring OFF on input line 6062.
Package hyperref Info: Link coloring with OCG OFF on input line 6067.
Package hyperref Info: PDF/A mode OFF on input line 6072.
(c:/Users/meekson.hundoo/AppData/Roaming/TinyTeX/texmf-dist/tex/latex/base/atbegshi-ltx.sty
Package: atbegshi-ltx 2021/01/10 v1.0c Emulation of the original atbegshi
package with kernel methods
)
\Hy@abspage=\count322
\c@Item=\count323
\c@Hfootnote=\count324
)
Package hyperref Info: Driver (autodetected): hxetex.
(c:/Users/meekson.hundoo/AppData/Roaming/TinyTeX/texmf-dist/tex/latex/hyperref/hxetex.def
File: hxetex.def 2023-02-07 v7.00v Hyperref driver for XeTeX
(c:/Users/meekson.hundoo/AppData/Roaming/TinyTeX/texmf-dist/tex/generic/stringenc/stringenc.sty
Package: stringenc 2019/11/29 v1.12 Convert strings between diff. encodings (HO)
)
\pdfm@box=\box77
\c@Hy@AnnotLevel=\count325
\HyField@AnnotCount=\count326
\Fld@listcount=\count327
\c@bookmark@seq@number=\count328
(c:/Users/meekson.hundoo/AppData/Roaming/TinyTeX/texmf-dist/tex/latex/rerunfilecheck/rerunfilecheck.sty
Package: rerunfilecheck 2022-07-10 v1.10 Rerun checks for auxiliary files (HO)
(c:/Users/meekson.hundoo/AppData/Roaming/TinyTeX/texmf-dist/tex/latex/base/atveryend-ltx.sty
Package: atveryend-ltx 2020/08/19 v1.0a Emulation of the original atveryend package
with kernel methods
) (c:/Users/meekson.hundoo/AppData/Roaming/TinyTeX/texmf-dist/tex/generic/uniquecounter/uniquecounter.sty
Package: uniquecounter 2019/12/15 v1.4 Provide unlimited unique counter (HO)
)
Package uniquecounter Info: New unique counter `rerunfilecheck' on input line 285.
)
\Hy@SectionHShift=\skip67
) (./LDRS664.aux)
\openout1 = `LDRS664.aux'.

LaTeX Font Info:    Checking defaults for OML/cmm/m/it on input line 140.
LaTeX Font Info:    ... okay on input line 140.
LaTeX Font Info:    Checking defaults for OMS/cmsy/m/n on input line 140.
LaTeX Font Info:    ... okay on input line 140.
LaTeX Font Info:    Checking defaults for OT1/cmr/m/n on input line 140.
LaTeX Font Info:    ... okay on input line 140.
LaTeX Font Info:    Checking defaults for T1/cmr/m/n on input line 140.
LaTeX Font Info:    ... okay on input line 140.
LaTeX Font Info:    Checking defaults for TS1/cmr/m/n on input line 140.
LaTeX Font Info:    ... okay on input line 140.
LaTeX Font Info:    Checking defaults for TU/lmr/m/n on input line 140.
LaTeX Font Info:    ... okay on input line 140.
LaTeX Font Info:    Checking defaults for OMX/cmex/m/n on input line 140.
LaTeX Font Info:    ... okay on input line 140.
LaTeX Font Info:    Checking defaults for U/cmr/m/n on input line 140.
LaTeX Font Info:    ... okay on input line 140.
LaTeX Font Info:    Checking defaults for PD1/pdf/m/n on input line 140.
LaTeX Font Info:    ... okay on input line 140.
LaTeX Font Info:    Checking defaults for PU/pdf/m/n on input line 140.
LaTeX Font Info:    ... okay on input line 140.
LaTeX Font Info:    Overwriting math alphabet `\mathrm' in version `normal'
(Font)                  OT1/lmr/m/n --> TU/lmr/m/n on input line 140.
LaTeX Font Info:    Overwriting math alphabet `\mathit' in version `normal'
(Font)                  OT1/lmr/m/it --> TU/lmr/m/it on input line 140.
LaTeX Font Info:    Overwriting math alphabet `\mathbf' in version `normal'
(Font)                  OT1/lmr/bx/n --> TU/lmr/bx/n on input line 140.
LaTeX Font Info:    Overwriting math alphabet `\mathsf' in version `normal'
(Font)                  OT1/lmss/m/n --> TU/lmss/m/n on input line 140.
LaTeX Font Info:    Overwriting math alphabet `\mathsf' in version `bold'
(Font)                  OT1/lmss/bx/n --> TU/lmss/bx/n on input line 140.
LaTeX Font Info:    Overwriting math alphabet `\mathtt' in version `normal'
(Font)                  OT1/lmtt/m/n --> TU/lmtt/m/n on input line 140.
LaTeX Font Info:    Overwriting math alphabet `\mathtt' in version `bold'
(Font)                  OT1/lmtt/m/n --> TU/lmtt/bx/n on input line 140.

Package fontspec Info: latinmodern-math scale = 0.9999964596882403.


Package fontspec Info: latinmodern-math scale = 0.9999964596882403.


Package fontspec Info: latinmodern-math scale = 0.9999964596882403.


Package fontspec Info: Font family 'latinmodern-math.otf(0)' created for font
(fontspec)             'latinmodern-math.otf' with options
(fontspec)             [Scale=MatchLowercase,BoldItalicFont={},ItalicFont={},SmallCapsFont={},Script=Math,BoldFont={latinmodern-math.otf}].
(fontspec)              
(fontspec)              This font family consists of the following NFSS
(fontspec)             series/shapes:
(fontspec)              
(fontspec)             - 'normal' (m/n) with NFSS spec.:
(fontspec)             <->s*[0.9999964596882403]"[latinmodern-math.otf]/OT:script=math;language=dflt;"
(fontspec)             - 'small caps'  (m/sc) with NFSS spec.: 
(fontspec)             - 'bold' (b/n) with NFSS spec.:
(fontspec)             <->s*[0.9999964596882403]"[latinmodern-math.otf]/OT:script=math;language=dflt;"
(fontspec)             - 'bold small caps'  (b/sc) with NFSS spec.: 

LaTeX Font Info:    Font shape `TU/latinmodern-math.otf(0)/m/n' will be
(Font)              scaled to size 10.0pt on input line 140.

Package fontspec Info: latinmodern-math scale = 0.9999964596882403.


Package fontspec Info: latinmodern-math scale = 0.9999964596882403.


Package fontspec Info: latinmodern-math scale = 0.9999964596882403.


Package fontspec Info: latinmodern-math scale = 0.9999964596882403.


Package fontspec Info: latinmodern-math scale = 0.9999964596882403.


Package fontspec Info: Font family 'latinmodern-math.otf(1)' created for font
(fontspec)             'latinmodern-math.otf' with options
(fontspec)             [Scale=MatchLowercase,BoldItalicFont={},ItalicFont={},SmallCapsFont={},Script=Math,SizeFeatures={{Size=8.5-},{Size=6-8.5,Font=latinmodern-math.otf,Style=MathScript},{Size=-6,Font=latinmodern-math.otf,Style=MathScriptScript}},BoldFont={latinmodern-math.otf}].
(fontspec)              
(fontspec)              This font family consists of the following NFSS
(fontspec)             series/shapes:
(fontspec)              
(fontspec)             - 'normal' (m/n) with NFSS spec.:
(fontspec)             <8.5->s*[0.9999964596882403]"[latinmodern-math.otf]/OT:script=math;language=dflt;"<6-8.5>s*[0.9999964596882403]"[latinmodern-math.otf]/OT:script=math;language=dflt;+ssty=0;"<-6>s*[0.9999964596882403]"[latinmodern-math.otf]/OT:script=math;language=dflt;+ssty=1;"
(fontspec)             - 'small caps'  (m/sc) with NFSS spec.: 
(fontspec)             - 'bold' (b/n) with NFSS spec.:
(fontspec)             <->s*[0.9999964596882403]"[latinmodern-math.otf]/OT:script=math;language=dflt;"
(fontspec)             - 'bold small caps'  (b/sc) with NFSS spec.: 

LaTeX Font Info:    Font shape `TU/latinmodern-math.otf(1)/m/n' will be
(Font)              scaled to size 10.0pt on input line 140.
LaTeX Font Info:    Encoding `OT1' has changed to `TU' for symbol font
(Font)              `operators' in the math version `normal' on input line 140.
LaTeX Font Info:    Overwriting symbol font `operators' in version `normal'
(Font)                  OT1/lmr/m/n --> TU/latinmodern-math.otf(1)/m/n on input line 140.
LaTeX Font Info:    Encoding `OT1' has changed to `TU' for symbol font
(Font)              `operators' in the math version `bold' on input line 140.
LaTeX Font Info:    Overwriting symbol font `operators' in version `bold'
(Font)                  OT1/lmr/bx/n --> TU/latinmodern-math.otf(1)/b/n on input line 140.

Package fontspec Info: latinmodern-math scale = 0.9999964596882403.


Package fontspec Info: latinmodern-math scale = 1.000096459334209.


Package fontspec Info: latinmodern-math scale = 0.9999964596882403.


Package fontspec Info: latinmodern-math scale = 1.000096459334209.


Package fontspec Info: latinmodern-math scale = 0.9999964596882403.


Package fontspec Info: latinmodern-math scale = 1.000096459334209.


Package fontspec Info: latinmodern-math scale = 0.9999964596882403.


Package fontspec Info: latinmodern-math scale = 1.000096459334209.


Package fontspec Info: latinmodern-math scale = 0.9999964596882403.


Package fontspec Info: latinmodern-math scale = 1.000096459334209.


Package fontspec Info: Font family 'latinmodern-math.otf(2)' created for font
(fontspec)             'latinmodern-math.otf' with options
(fontspec)             [Scale=MatchLowercase,BoldItalicFont={},ItalicFont={},SmallCapsFont={},Script=Math,SizeFeatures={{Size=8.5-},{Size=6-8.5,Font=latinmodern-math.otf,Style=MathScript},{Size=-6,Font=latinmodern-math.otf,Style=MathScriptScript}},BoldFont={latinmodern-math.otf},ScaleAgain=1.0001,FontAdjustment={\fontdimen
(fontspec)             8\font =6.77pt\relax \fontdimen 9\font =3.94pt\relax
(fontspec)             \fontdimen 10\font =4.44pt\relax \fontdimen 11\font
(fontspec)             =6.86pt\relax \fontdimen 12\font =3.45pt\relax
(fontspec)             \fontdimen 13\font =3.63pt\relax \fontdimen 14\font
(fontspec)             =3.63pt\relax \fontdimen 15\font =2.89pt\relax
(fontspec)             \fontdimen 16\font =2.47pt\relax \fontdimen 17\font
(fontspec)             =2.47pt\relax \fontdimen 18\font =2.5pt\relax
(fontspec)             \fontdimen 19\font =2.0pt\relax \fontdimen 22\font
(fontspec)             =2.5pt\relax \fontdimen 20\font =0pt\relax \fontdimen
(fontspec)             21\font =0pt\relax }].
(fontspec)              
(fontspec)              This font family consists of the following NFSS
(fontspec)             series/shapes:
(fontspec)              
(fontspec)             - 'normal' (m/n) with NFSS spec.:
(fontspec)             <8.5->s*[1.000096459334209]"[latinmodern-math.otf]/OT:script=math;language=dflt;"<6-8.5>s*[1.000096459334209]"[latinmodern-math.otf]/OT:script=math;language=dflt;+ssty=0;"<-6>s*[1.000096459334209]"[latinmodern-math.otf]/OT:script=math;language=dflt;+ssty=1;"
(fontspec)             - 'small caps'  (m/sc) with NFSS spec.: 
(fontspec)             and font adjustment code:
(fontspec)             \fontdimen 8\font =6.77pt\relax \fontdimen 9\font
(fontspec)             =3.94pt\relax \fontdimen 10\font =4.44pt\relax
(fontspec)             \fontdimen 11\font =6.86pt\relax \fontdimen 12\font
(fontspec)             =3.45pt\relax \fontdimen 13\font =3.63pt\relax
(fontspec)             \fontdimen 14\font =3.63pt\relax \fontdimen 15\font
(fontspec)             =2.89pt\relax \fontdimen 16\font =2.47pt\relax
(fontspec)             \fontdimen 17\font =2.47pt\relax \fontdimen 18\font
(fontspec)             =2.5pt\relax \fontdimen 19\font =2.0pt\relax \fontdimen
(fontspec)             22\font =2.5pt\relax \fontdimen 20\font =0pt\relax
(fontspec)             \fontdimen 21\font =0pt\relax 
(fontspec)             - 'bold' (b/n) with NFSS spec.:
(fontspec)             <->s*[1.000096459334209]"[latinmodern-math.otf]/OT:script=math;language=dflt;"
(fontspec)             - 'bold small caps'  (b/sc) with NFSS spec.: 
(fontspec)             and font adjustment code:
(fontspec)             \fontdimen 8\font =6.77pt\relax \fontdimen 9\font
(fontspec)             =3.94pt\relax \fontdimen 10\font =4.44pt\relax
(fontspec)             \fontdimen 11\font =6.86pt\relax \fontdimen 12\font
(fontspec)             =3.45pt\relax \fontdimen 13\font =3.63pt\relax
(fontspec)             \fontdimen 14\font =3.63pt\relax \fontdimen 15\font
(fontspec)             =2.89pt\relax \fontdimen 16\font =2.47pt\relax
(fontspec)             \fontdimen 17\font =2.47pt\relax \fontdimen 18\font
(fontspec)             =2.5pt\relax \fontdimen 19\font =2.0pt\relax \fontdimen
(fontspec)             22\font =2.5pt\relax \fontdimen 20\font =0pt\relax
(fontspec)             \fontdimen 21\font =0pt\relax 

LaTeX Font Info:    Encoding `OMS' has changed to `TU' for symbol font
(Font)              `symbols' in the math version `normal' on input line 140.
LaTeX Font Info:    Overwriting symbol font `symbols' in version `normal'
(Font)                  OMS/lmsy/m/n --> TU/latinmodern-math.otf(2)/m/n on input line 140.
LaTeX Font Info:    Encoding `OMS' has changed to `TU' for symbol font
(Font)              `symbols' in the math version `bold' on input line 140.
LaTeX Font Info:    Overwriting symbol font `symbols' in version `bold'
(Font)                  OMS/lmsy/b/n --> TU/latinmodern-math.otf(2)/b/n on input line 140.

Package fontspec Info: latinmodern-math scale = 0.9999964596882403.


Package fontspec Info: latinmodern-math scale = 0.9998964600422715.


Package fontspec Info: latinmodern-math scale = 0.9999964596882403.


Package fontspec Info: latinmodern-math scale = 0.9998964600422715.


Package fontspec Info: latinmodern-math scale = 0.9999964596882403.


Package fontspec Info: latinmodern-math scale = 0.9998964600422715.


Package fontspec Info: latinmodern-math scale = 0.9999964596882403.


Package fontspec Info: latinmodern-math scale = 0.9998964600422715.


Package fontspec Info: latinmodern-math scale = 0.9999964596882403.


Package fontspec Info: latinmodern-math scale = 0.9998964600422715.


Package fontspec Info: Font family 'latinmodern-math.otf(3)' created for font
(fontspec)             'latinmodern-math.otf' with options
(fontspec)             [Scale=MatchLowercase,BoldItalicFont={},ItalicFont={},SmallCapsFont={},Script=Math,SizeFeatures={{Size=8.5-},{Size=6-8.5,Font=latinmodern-math.otf,Style=MathScript},{Size=-6,Font=latinmodern-math.otf,Style=MathScriptScript}},BoldFont={latinmodern-math.otf},ScaleAgain=0.9999,FontAdjustment={\fontdimen
(fontspec)             8\font =0.4pt\relax \fontdimen 9\font =2.0pt\relax
(fontspec)             \fontdimen 10\font =1.67pt\relax \fontdimen 11\font
(fontspec)             =1.11pt\relax \fontdimen 12\font =6.0pt\relax
(fontspec)             \fontdimen 13\font =0pt\relax }].
(fontspec)              
(fontspec)              This font family consists of the following NFSS
(fontspec)             series/shapes:
(fontspec)              
(fontspec)             - 'normal' (m/n) with NFSS spec.:
(fontspec)             <8.5->s*[0.9998964600422715]"[latinmodern-math.otf]/OT:script=math;language=dflt;"<6-8.5>s*[0.9998964600422715]"[latinmodern-math.otf]/OT:script=math;language=dflt;+ssty=0;"<-6>s*[0.9998964600422715]"[latinmodern-math.otf]/OT:script=math;language=dflt;+ssty=1;"
(fontspec)             - 'small caps'  (m/sc) with NFSS spec.: 
(fontspec)             and font adjustment code:
(fontspec)             \fontdimen 8\font =0.4pt\relax \fontdimen 9\font
(fontspec)             =2.0pt\relax \fontdimen 10\font =1.67pt\relax
(fontspec)             \fontdimen 11\font =1.11pt\relax \fontdimen 12\font
(fontspec)             =6.0pt\relax \fontdimen 13\font =0pt\relax 
(fontspec)             - 'bold' (b/n) with NFSS spec.:
(fontspec)             <->s*[0.9998964600422715]"[latinmodern-math.otf]/OT:script=math;language=dflt;"
(fontspec)             - 'bold small caps'  (b/sc) with NFSS spec.: 
(fontspec)             and font adjustment code:
(fontspec)             \fontdimen 8\font =0.4pt\relax \fontdimen 9\font
(fontspec)             =2.0pt\relax \fontdimen 10\font =1.67pt\relax
(fontspec)             \fontdimen 11\font =1.11pt\relax \fontdimen 12\font
(fontspec)             =6.0pt\relax \fontdimen 13\font =0pt\relax 

LaTeX Font Info:    Encoding `OMX' has changed to `TU' for symbol font
(Font)              `largesymbols' in the math version `normal' on input line 140.
LaTeX Font Info:    Overwriting symbol font `largesymbols' in version `normal'
(Font)                  OMX/lmex/m/n --> TU/latinmodern-math.otf(3)/m/n on input line 140.
LaTeX Font Info:    Encoding `OMX' has changed to `TU' for symbol font
(Font)              `largesymbols' in the math version `bold' on input line 140.
LaTeX Font Info:    Overwriting symbol font `largesymbols' in version `bold'
(Font)                  OMX/lmex/m/n --> TU/latinmodern-math.otf(3)/b/n on input line 140.
Package hyperref Info: Link coloring OFF on input line 140.
(./LDRS664.out) (./LDRS664.out)
\@outlinefile=\write4
\openout4 = `LDRS664.out'.

LaTeX Font Info:    Font shape `TU/latinmodern-math.otf(1)/m/n' will be
(Font)              scaled to size 12.0pt on input line 142.
LaTeX Font Info:    Font shape `TU/latinmodern-math.otf(1)/m/n' will be
(Font)              scaled to size 8.0pt on input line 142.
LaTeX Font Info:    Font shape `TU/latinmodern-math.otf(1)/m/n' will be
(Font)              scaled to size 6.0pt on input line 142.
LaTeX Font Info:    Trying to load font information for OML+lmm on input line 142.
(c:/Users/meekson.hundoo/AppData/Roaming/TinyTeX/texmf-dist/tex/latex/lm/omllmm.fd
File: omllmm.fd 2015/05/01 v1.6.1 Font defs for Latin Modern
)
LaTeX Font Info:    Font shape `TU/latinmodern-math.otf(2)/m/n' will be
(Font)              scaled to size 12.0011pt on input line 142.
LaTeX Font Info:    Font shape `TU/latinmodern-math.otf(2)/m/n' will be
(Font)              scaled to size 8.00073pt on input line 142.
LaTeX Font Info:    Font shape `TU/latinmodern-math.otf(2)/m/n' will be
(Font)              scaled to size 6.00055pt on input line 142.
LaTeX Font Info:    Font shape `TU/latinmodern-math.otf(3)/m/n' will be
(Font)              scaled to size 11.99872pt on input line 142.
LaTeX Font Info:    Font shape `TU/latinmodern-math.otf(3)/m/n' will be
(Font)              scaled to size 7.99915pt on input line 142.
LaTeX Font Info:    Font shape `TU/latinmodern-math.otf(3)/m/n' will be
(Font)              scaled to size 5.99936pt on input line 142.
LaTeX Font Info:    Trying to load font information for U+msa on input line 142.
(c:/Users/meekson.hundoo/AppData/Roaming/TinyTeX/texmf-dist/tex/latex/amsfonts/umsa.fd
File: umsa.fd 2013/01/14 v3.01 AMS symbols A
)
LaTeX Font Info:    Trying to load font information for U+msb on input line 142.
(c:/Users/meekson.hundoo/AppData/Roaming/TinyTeX/texmf-dist/tex/latex/amsfonts/umsb.fd
File: umsb.fd 2013/01/14 v3.01 AMS symbols B
) [1


] [2

] (./LDRS664.toc
LaTeX Font Info:    Font shape `TU/latinmodern-math.otf(1)/m/n' will be
(Font)              scaled to size 7.0pt on input line 4.
LaTeX Font Info:    Font shape `TU/latinmodern-math.otf(1)/m/n' will be
(Font)              scaled to size 5.0pt on input line 4.
LaTeX Font Info:    Font shape `TU/latinmodern-math.otf(2)/m/n' will be
(Font)              scaled to size 10.00092pt on input line 4.
LaTeX Font Info:    Font shape `TU/latinmodern-math.otf(2)/m/n' will be
(Font)              scaled to size 7.00064pt on input line 4.
LaTeX Font Info:    Font shape `TU/latinmodern-math.otf(2)/m/n' will be
(Font)              scaled to size 5.00046pt on input line 4.
LaTeX Font Info:    Font shape `TU/latinmodern-math.otf(3)/m/n' will be
(Font)              scaled to size 9.99893pt on input line 4.
LaTeX Font Info:    Font shape `TU/latinmodern-math.otf(3)/m/n' will be
(Font)              scaled to size 6.99925pt on input line 4.
LaTeX Font Info:    Font shape `TU/latinmodern-math.otf(3)/m/n' will be
(Font)              scaled to size 4.99947pt on input line 4.
[3] [4] [5] [6])
\tf@toc=\write5
\openout5 = `LDRS664.toc'.

[7] [8

] [9] [10

]
File: assets/course-intro/menu.png Graphic file (type bmp)
<assets/course-intro/menu.png>
File: assets/course-intro/left_arrow.png Graphic file (type bmp)
<assets/course-intro/left_arrow.png>
File: assets/course-intro/right_arrow.png Graphic file (type bmp)
<assets/course-intro/right_arrow.png>
[11] [12]
Underfull \hbox (badness 1454) in paragraph at lines 241--242
\TU/lmr/m/n/10 strategies for creating authentic learning communities, and apply those
 []


Underfull \hbox (badness 10000) in paragraph at lines 259--261

 []


Underfull \hbox (badness 10000) in paragraph at lines 261--263

 []


Underfull \hbox (badness 10000) in paragraph at lines 263--265

 []


Underfull \hbox (badness 10000) in paragraph at lines 265--267

 []


Underfull \hbox (badness 10000) in paragraph at lines 267--269

 []

[13

] [14] [15] [16]
File: assets/course-intro/menu.png Graphic file (type bmp)
<assets/course-intro/menu.png>
File: assets/course-intro/left_arrow.png Graphic file (type bmp)
<assets/course-intro/left_arrow.png>
File: assets/course-intro/right_arrow.png Graphic file (type bmp)
<assets/course-intro/right_arrow.png>
[17] [18

] [19]
File: assets/community/luke-porter-NEqEC7qa9FM-unsplash.jpg Graphic file (type bmp)
<assets/community/luke-porter-NEqEC7qa9FM-unsplash.jpg>
[20]
Chapter 1.
File: assets/unit1/LDRS664-BannerUnit1.jpg Graphic file (type bmp)
<assets/unit1/LDRS664-BannerUnit1.jpg>
[21

]
Underfull \hbox (badness 10000) in paragraph at lines 504--506

 []


Underfull \hbox (badness 10000) in paragraph at lines 517--519

 []


Underfull \hbox (badness 10000) in paragraph at lines 532--534

 []


Underfull \hbox (badness 10000) in paragraph at lines 534--536

 []


Underfull \hbox (badness 10000) in paragraph at lines 551--558

 []


Underfull \hbox (badness 10000) in paragraph at lines 558--561

 []


Underfull \vbox (badness 1596) has occurred while \output is active []

[22]
File: assets/unit1/664-authentic-teachers.jpg Graphic file (type bmp)
<assets/unit1/664-authentic-teachers.jpg>

LaTeX Warning: Float too large for page by 24.08717pt on input line 591.


Underfull \hbox (badness 10000) in paragraph at lines 625--629

 []


Underfull \hbox (badness 10000) in paragraph at lines 629--633

 []


Underfull \hbox (badness 10000) in paragraph at lines 633--636

 []

[23] [24]
Underfull \hbox (badness 10000) in paragraph at lines 663--666

 []


Underfull \hbox (badness 10000) in paragraph at lines 666--669

 []

[25] [26]
Underfull \hbox (badness 10000) in paragraph at lines 726--728

 []


Underfull \hbox (badness 10000) in paragraph at lines 728--730

 []


Underfull \hbox (badness 10000) in paragraph at lines 730--732

 []


Underfull \hbox (badness 10000) in paragraph at lines 732--734

 []


Underfull \hbox (badness 10000) in paragraph at lines 734--736

 []


Underfull \hbox (badness 1286) in paragraph at lines 753--756
[]\TU/lmr/m/n/10 What are the important values that will guide my teach-
 []


Underfull \hbox (badness 10000) in paragraph at lines 753--756

 []


Underfull \hbox (badness 10000) in paragraph at lines 756--758

 []


Underfull \vbox (badness 10000) has occurred while \output is active []

[27] [28]
Underfull \hbox (badness 10000) in paragraph at lines 786--789

 []


Underfull \hbox (badness 7558) in paragraph at lines 789--790
[]\TU/lmr/m/n/10 Write a personal statement about your identity as a
 []


Underfull \hbox (badness 10000) in paragraph at lines 800--804

 []


Underfull \hbox (badness 10000) in paragraph at lines 804--807

 []


Underfull \hbox (badness 10000) in paragraph at lines 807--810

 []


Underfull \vbox (badness 10000) has occurred while \output is active []

[29] [30]
Chapter 2.
File: assets/unit2/LDRS664-BannerUnit2-v3.jpg Graphic file (type bmp)
<assets/unit2/LDRS664-BannerUnit2-v3.jpg>

Underfull \hbox (badness 10000) in paragraph at lines 865--867

 []


Underfull \hbox (badness 10000) in paragraph at lines 878--880

 []

[31

]
Underfull \hbox (badness 10000) in paragraph at lines 880--882

 []


Underfull \hbox (badness 10000) in paragraph at lines 894--896

 []


Underfull \hbox (badness 10000) in paragraph at lines 911--914

 []


Underfull \hbox (badness 10000) in paragraph at lines 914--919

 []


Underfull \hbox (badness 10000) in paragraph at lines 919--923

 []


Underfull \hbox (badness 10000) in paragraph at lines 923--925

 []


Underfull \hbox (badness 10000) in paragraph at lines 925--930

 []


Underfull \hbox (badness 10000) in paragraph at lines 930--933

 []


Underfull \hbox (badness 10000) in paragraph at lines 933--939

 []


Underfull \hbox (badness 10000) in paragraph at lines 939--946

 []


Underfull \vbox (badness 10000) has occurred while \output is active []

[32]
Underfull \vbox (badness 10000) has occurred while \output is active []

[33] [34]
Underfull \hbox (badness 10000) in paragraph at lines 1007--1009

 []

[35]
Underfull \hbox (badness 10000) in paragraph at lines 1048--1053

 []


Underfull \hbox (badness 10000) in paragraph at lines 1080--1083

 []


Underfull \hbox (badness 10000) in paragraph at lines 1083--1086

 []


Underfull \hbox (badness 10000) in paragraph at lines 1086--1089

 []


Underfull \vbox (badness 10000) has occurred while \output is active []

[36] [37]
Underfull \hbox (badness 10000) in paragraph at lines 1139--1142

 []


Underfull \hbox (badness 10000) in paragraph at lines 1142--1144

 []


Underfull \vbox (badness 3428) has occurred while \output is active []

[38]
Underfull \hbox (badness 10000) in paragraph at lines 1199--1202

 []


Underfull \hbox (badness 10000) in paragraph at lines 1202--1205

 []


Underfull \hbox (badness 10000) in paragraph at lines 1205--1208

 []


Underfull \vbox (badness 10000) has occurred while \output is active []

[39]
Underfull \hbox (badness 10000) in paragraph at lines 1239--1242

 []


Underfull \hbox (badness 10000) in paragraph at lines 1242--1245

 []


Underfull \hbox (badness 1087) in paragraph at lines 1251--1256
[]\TU/lmr/m/n/10 In this unit, you were asked to use the strategy of the Nine
 []

[40]
Underfull \hbox (badness 10000) in paragraph at lines 1291--1293

 []

[41] [42

]
Chapter 3.
File: assets/unit3/LDRS664-BannerUnit3.jpg Graphic file (type bmp)
<assets/unit3/LDRS664-BannerUnit3.jpg>

Underfull \hbox (badness 10000) in paragraph at lines 1321--1323

 []

[43]
Underfull \hbox (badness 10000) in paragraph at lines 1348--1350

 []


Underfull \hbox (badness 10000) in paragraph at lines 1350--1352

 []


Underfull \hbox (badness 10000) in paragraph at lines 1352--1354

 []


Underfull \hbox (badness 10000) in paragraph at lines 1369--1373

 []


Underfull \hbox (badness 10000) in paragraph at lines 1373--1376

 []


Underfull \hbox (badness 10000) in paragraph at lines 1386--1391

 []


Underfull \vbox (badness 6510) has occurred while \output is active []

[44]
Underfull \vbox (badness 3343) has occurred while \output is active []

[45]
File: assets/unit3/coffee-2242212_1920.jpg Graphic file (type bmp)
<assets/unit3/coffee-2242212_1920.jpg>

Underfull \vbox (badness 10000) has occurred while \output is active []

[46]
Underfull \hbox (badness 10000) in paragraph at lines 1460--1461

 []


Underfull \hbox (badness 10000) in paragraph at lines 1466--1469

 []


Underfull \hbox (badness 10000) in paragraph at lines 1469--1471

 []


Underfull \hbox (badness 10000) in paragraph at lines 1478--1479

 []


Underfull \hbox (badness 10000) in paragraph at lines 1484--1488

 []


Underfull \hbox (badness 10000) in paragraph at lines 1488--1490

 []


Underfull \hbox (badness 10000) in paragraph at lines 1497--1500

 []


Underfull \vbox (badness 10000) has occurred while \output is active []

[47]
Underfull \vbox (badness 10000) has occurred while \output is active []

[48]
Underfull \vbox (badness 10000) has occurred while \output is active []

[49]
Underfull \hbox (badness 10000) in paragraph at lines 1596--1598

 []


Underfull \hbox (badness 10000) in paragraph at lines 1598--1601

 []


Underfull \hbox (badness 10000) in paragraph at lines 1601--1603

 []


Underfull \vbox (badness 10000) has occurred while \output is active []

[50] [51] [52

]
Chapter 4.
File: assets/unit4/LDRS664-BannerUnit4.jpg Graphic file (type bmp)
<assets/unit4/LDRS664-BannerUnit4.jpg>
[53]
Underfull \hbox (badness 10000) in paragraph at lines 1629--1631

 []


Underfull \hbox (badness 10000) in paragraph at lines 1644--1646

 []


Underfull \hbox (badness 10000) in paragraph at lines 1646--1648

 []


Underfull \hbox (badness 10000) in paragraph at lines 1660--1662

 []


Underfull \hbox (badness 10000) in paragraph at lines 1677--1681

 []


Underfull \hbox (badness 10000) in paragraph at lines 1681--1684

 []


Underfull \vbox (badness 1888) has occurred while \output is active []

[54]
Overfull \hbox (146.69748pt too wide) in alignment at lines 1727--1731
 [] [] [] 
 []


Overfull \hbox (146.69748pt too wide) in alignment at lines 1731--1736
 [] [] [] 
 []

[55]
File: assets/unit4/ParkerDiscussion.jpg Graphic file (type bmp)
<assets/unit4/ParkerDiscussion.jpg>

Underfull \vbox (badness 6157) has occurred while \output is active []

[56] [57]
Underfull \hbox (badness 10000) in paragraph at lines 1799--1801

 []


Underfull \hbox (badness 10000) in paragraph at lines 1801--1803

 []

File: assets/unit4/community-of-transformational-learning.png Graphic file (type bmp)
<assets/unit4/community-of-transformational-learning.png>

Underfull \vbox (badness 10000) has occurred while \output is active []

[58]
Underfull \vbox (badness 10000) has occurred while \output is active []

[59]
Underfull \vbox (badness 10000) has occurred while \output is active []

[60]
Underfull \hbox (badness 10000) in paragraph at lines 1879--1881

 []


Underfull \hbox (badness 10000) in paragraph at lines 1892--1894

 []


Underfull \hbox (badness 1577) in paragraph at lines 1894--1896
\TU/lmr/m/n/10 Retrieved from: []$[][][][][] [] [] [] [][][][][] [] [][][][][][][][][] [] [][][] [] [][][][][][][][][] [] [][][][][][] [] [][][][] []
 []


Underfull \hbox (badness 10000) in paragraph at lines 1894--1896

 []


Underfull \hbox (badness 10000) in paragraph at lines 1896--1898

 []


Underfull \hbox (badness 10000) in paragraph at lines 1898--1900

 []

[61] [62]
Chapter 5.
File: assets/unit5/LDRS664-BannerUnit5.jpg Graphic file (type bmp)
<assets/unit5/LDRS664-BannerUnit5.jpg>

Underfull \hbox (badness 10000) in paragraph at lines 1923--1925

 []


Underfull \hbox (badness 10000) in paragraph at lines 1936--1938

 []

[63

]
Underfull \hbox (badness 10000) in paragraph at lines 1951--1953

 []


Underfull \hbox (badness 10000) in paragraph at lines 1968--1972

 []


Underfull \hbox (badness 10000) in paragraph at lines 1972--1976

 []


Underfull \hbox (badness 10000) in paragraph at lines 1976--1983

 []

[64]
Overfull \hbox (41.85344pt too wide) has occurred while \output is active
\TU/lmr/m/sl/10 5.1.  CREATING COLLABORATIVE LEARNING IN AN ONLINE ENVIRONMENT \TU/lmr/m/n/10 65
 []

[65]
Underfull \hbox (badness 10000) in paragraph at lines 2020--2022

 []


Underfull \hbox (badness 10000) in paragraph at lines 2022--2024

 []


Underfull \hbox (badness 10000) in paragraph at lines 2024--2026

 []


Underfull \hbox (badness 10000) in paragraph at lines 2026--2028

 []


Underfull \hbox (badness 10000) in paragraph at lines 2028--2030

 []


Underfull \hbox (badness 10000) in paragraph at lines 2030--2032

 []


Underfull \hbox (badness 10000) in paragraph at lines 2032--2034

 []

File: assets/unit5/Principles-of-AI-with-description.jpg Graphic file (type bmp)
<assets/unit5/Principles-of-AI-with-description.jpg>

Underfull \vbox (badness 10000) has occurred while \output is active []

[66]
Overfull \hbox (41.85344pt too wide) has occurred while \output is active
\TU/lmr/m/sl/10 5.1.  CREATING COLLABORATIVE LEARNING IN AN ONLINE ENVIRONMENT \TU/lmr/m/n/10 67
 []

[67]
Underfull \hbox (badness 10000) in paragraph at lines 2088--2094

 []

[68]
Underfull \hbox (badness 10000) in paragraph at lines 2116--2118

 []


Underfull \hbox (badness 10000) in paragraph at lines 2118--2120

 []


Underfull \hbox (badness 10000) in paragraph at lines 2120--2122

 []


Underfull \hbox (badness 10000) in paragraph at lines 2122--2124

 []


Underfull \hbox (badness 10000) in paragraph at lines 2147--2149

 []


Underfull \hbox (badness 10000) in paragraph at lines 2150--2152

 []


Underfull \hbox (badness 10000) in paragraph at lines 2162--2166

 []


Underfull \hbox (badness 10000) in paragraph at lines 2166--2169

 []


Underfull \vbox (badness 10000) has occurred while \output is active []

[69]
Underfull \vbox (badness 10000) has occurred while \output is active []

[70]
Underfull \hbox (badness 10000) in paragraph at lines 2231--2233

 []


Underfull \vbox (badness 10000) has occurred while \output is active []

[71]
Underfull \hbox (badness 10000) in paragraph at lines 2265--2268

 []


Underfull \vbox (badness 10000) has occurred while \output is active []

[72]
Underfull \hbox (badness 10000) in paragraph at lines 2280--2282

 []


Underfull \hbox (badness 10000) in paragraph at lines 2282--2284

 []


Underfull \hbox (badness 10000) in paragraph at lines 2284--2286

 []


Underfull \hbox (badness 10000) in paragraph at lines 2286--2288

 []


Underfull \hbox (badness 10000) in paragraph at lines 2288--2290

 []

[73] [74

]
Chapter 6.
File: assets/unit6/LDRS664-BannerUnit6.jpg Graphic file (type bmp)
<assets/unit6/LDRS664-BannerUnit6.jpg>
[75]
Underfull \hbox (badness 10000) in paragraph at lines 2315--2317

 []


Underfull \hbox (badness 10000) in paragraph at lines 2328--2330

 []


Underfull \hbox (badness 10000) in paragraph at lines 2343--2345

 []


Underfull \hbox (badness 10000) in paragraph at lines 2345--2347

 []


Underfull \hbox (badness 10000) in paragraph at lines 2362--2365

 []

[76] [77]
Underfull \hbox (badness 10000) in paragraph at lines 2403--2405

 []


Underfull \hbox (badness 10000) in paragraph at lines 2405--2407

 []


Underfull \hbox (badness 10000) in paragraph at lines 2407--2409

 []


Underfull \hbox (badness 10000) in paragraph at lines 2409--2411

 []


Underfull \hbox (badness 10000) in paragraph at lines 2411--2413

 []


Underfull \hbox (badness 10000) in paragraph at lines 2413--2415

 []


Underfull \hbox (badness 10000) in paragraph at lines 2415--2417

 []


Underfull \hbox (badness 10000) in paragraph at lines 2440--2443

 []


Underfull \hbox (badness 10000) in paragraph at lines 2443--2446

 []


Underfull \vbox (badness 10000) has occurred while \output is active []

[78]
Overfull \hbox (218.60683pt too wide) has occurred while \output is active
\TU/lmr/m/sl/10 6.2.  THE ADULT EDUCATOR AS CREATOR AND LEADER OF A LEARNER CENTERED LEARNING ENVIRONMENT \TU/lmr/m/n/10 79
 []

[79]
Underfull \vbox (badness 10000) has occurred while \output is active []

[80]
Overfull \hbox (218.60683pt too wide) has occurred while \output is active
\TU/lmr/m/sl/10 6.2.  THE ADULT EDUCATOR AS CREATOR AND LEADER OF A LEARNER CENTERED LEARNING ENVIRONMENT \TU/lmr/m/n/10 81
 []

[81]
Underfull \hbox (badness 10000) in paragraph at lines 2550--2553

 []


Underfull \hbox (badness 10000) in paragraph at lines 2553--2556

 []


Underfull \hbox (badness 10000) in paragraph at lines 2568--2570

 []


Underfull \hbox (badness 10000) in paragraph at lines 2570--2572

 []


Underfull \hbox (badness 10000) in paragraph at lines 2572--2574

 []


Underfull \hbox (badness 10000) in paragraph at lines 2574--2576

 []


Underfull \hbox (badness 10000) in paragraph at lines 2576--2578

 []

[82]
Overfull \hbox (218.60683pt too wide) has occurred while \output is active
\TU/lmr/m/sl/10 6.2.  THE ADULT EDUCATOR AS CREATOR AND LEADER OF A LEARNER CENTERED LEARNING ENVIRONMENT \TU/lmr/m/n/10 83
 []

[83] [84

]
Chapter 7.
File: assets/unit7/BannerUnit7.jpg Graphic file (type bmp)
<assets/unit7/BannerUnit7.jpg>
[85]
Underfull \hbox (badness 10000) in paragraph at lines 2601--2603

 []


Underfull \hbox (badness 10000) in paragraph at lines 2614--2616

 []


Underfull \hbox (badness 10000) in paragraph at lines 2628--2630

 []


Underfull \hbox (badness 10000) in paragraph at lines 2645--2648

 []


Underfull \hbox (badness 10000) in paragraph at lines 2648--2651

 []


Underfull \hbox (badness 10000) in paragraph at lines 2651--2654

 []


Underfull \vbox (badness 1048) has occurred while \output is active []


Overfull \hbox (335.23576pt too wide) has occurred while \output is active
\TU/lmr/m/n/10 86 \TU/lmr/m/sl/10 CHAPTER 7.  THE ROLE OF INFORMATION AND PERCEPTION IN CHOOSING STRATEGIES AND AN APPROPRIATE LEADERSHIP MODEL
 []

[86]
Overfull \hbox (96.80014pt too wide) has occurred while \output is active
\TU/lmr/m/sl/10 7.1.  THE ROLE OF INFORMATION AND PERCEPTION IN GROWTH AND DEVELOPMENT \TU/lmr/m/n/10 87
 []

[87]
Underfull \hbox (badness 10000) in paragraph at lines 2692--2694

 []


Underfull \hbox (badness 10000) in paragraph at lines 2694--2696

 []


Underfull \hbox (badness 2150) in paragraph at lines 2696--2698
[]\TU/lmr/m/n/10 Conceptual understanding is comprehending and remembering key
 []


Underfull \hbox (badness 10000) in paragraph at lines 2696--2698

 []


Underfull \hbox (badness 10000) in paragraph at lines 2698--2700

 []


Underfull \hbox (badness 10000) in paragraph at lines 2700--2702

 []


Underfull \hbox (badness 10000) in paragraph at lines 2702--2704

 []


Underfull \hbox (badness 10000) in paragraph at lines 2704--2706

 []


Underfull \hbox (badness 10000) in paragraph at lines 2735--2737

 []


Underfull \vbox (badness 1173) has occurred while \output is active []


Overfull \hbox (335.23576pt too wide) has occurred while \output is active
\TU/lmr/m/n/10 88 \TU/lmr/m/sl/10 CHAPTER 7.  THE ROLE OF INFORMATION AND PERCEPTION IN CHOOSING STRATEGIES AND AN APPROPRIATE LEADERSHIP MODEL
 []

[88]
Underfull \hbox (badness 10000) in paragraph at lines 2754--2756

 []


Underfull \hbox (badness 10000) in paragraph at lines 2773--2777

 []


Underfull \vbox (badness 2285) has occurred while \output is active []


Overfull \hbox (96.80014pt too wide) has occurred while \output is active
\TU/lmr/m/sl/10 7.1.  THE ROLE OF INFORMATION AND PERCEPTION IN GROWTH AND DEVELOPMENT \TU/lmr/m/n/10 89
 []

[89]
Underfull \hbox (badness 10000) in paragraph at lines 2811--2814

 []


Overfull \hbox (335.23576pt too wide) has occurred while \output is active
\TU/lmr/m/n/10 90 \TU/lmr/m/sl/10 CHAPTER 7.  THE ROLE OF INFORMATION AND PERCEPTION IN CHOOSING STRATEGIES AND AN APPROPRIATE LEADERSHIP MODEL
 []

[90]
Underfull \hbox (badness 10000) in paragraph at lines 2834--2838

 []


Underfull \hbox (badness 10000) in paragraph at lines 2838--2843

 []


Underfull \vbox (badness 10000) has occurred while \output is active []

[91]
Underfull \hbox (badness 10000) in paragraph at lines 2874--2877

 []


Underfull \hbox (badness 10000) in paragraph at lines 2888--2890

 []


Underfull \hbox (badness 10000) in paragraph at lines 2890--2892

 []


Underfull \hbox (badness 10000) in paragraph at lines 2892--2894

 []


Underfull \hbox (badness 10000) in paragraph at lines 2894--2896

 []


Overfull \hbox (335.23576pt too wide) has occurred while \output is active
\TU/lmr/m/n/10 92 \TU/lmr/m/sl/10 CHAPTER 7.  THE ROLE OF INFORMATION AND PERCEPTION IN CHOOSING STRATEGIES AND AN APPROPRIATE LEADERSHIP MODEL
 []

[92] [93]
Overfull \hbox (335.23576pt too wide) has occurred while \output is active
\TU/lmr/m/n/10 94 \TU/lmr/m/sl/10 CHAPTER 7.  THE ROLE OF INFORMATION AND PERCEPTION IN CHOOSING STRATEGIES AND AN APPROPRIATE LEADERSHIP MODEL
 []

[94

]
Chapter 8.
File: assets/unit8/BannerUnit8.jpg Graphic file (type bmp)
<assets/unit8/BannerUnit8.jpg>

Underfull \hbox (badness 10000) in paragraph at lines 2919--2921

 []


Underfull \hbox (badness 10000) in paragraph at lines 2921--2923

 []

[95]
Underfull \hbox (badness 10000) in paragraph at lines 2934--2936

 []


Underfull \hbox (badness 10000) in paragraph at lines 2948--2950

 []


Underfull \hbox (badness 10000) in paragraph at lines 2950--2952

 []


Underfull \hbox (badness 10000) in paragraph at lines 2952--2954

 []


Underfull \hbox (badness 10000) in paragraph at lines 2969--2972

 []


Underfull \hbox (badness 10000) in paragraph at lines 2972--2975

 []


Underfull \hbox (badness 10000) in paragraph at lines 2975--2978

 []


Underfull \vbox (badness 10000) has occurred while \output is active []


Overfull \hbox (71.72563pt too wide) has occurred while \output is active
\TU/lmr/m/n/10 96 \TU/lmr/m/sl/10 CHAPTER 8.  TEACHING FROM DEPTH, INTERCONNECTEDNESS AND INTEGRITY
 []

[96]
Underfull \hbox (badness 10000) in paragraph at lines 2988--2990

 []

[97]
Underfull \hbox (badness 10000) in paragraph at lines 3041--3043

 []


Underfull \hbox (badness 10000) in paragraph at lines 3043--3045

 []


Underfull \hbox (badness 10000) in paragraph at lines 3045--3047

 []


Overfull \hbox (71.72563pt too wide) has occurred while \output is active
\TU/lmr/m/n/10 98 \TU/lmr/m/sl/10 CHAPTER 8.  TEACHING FROM DEPTH, INTERCONNECTEDNESS AND INTEGRITY
 []

[98] [99]
Overfull \hbox (76.72563pt too wide) has occurred while \output is active
\TU/lmr/m/n/10 100 \TU/lmr/m/sl/10 CHAPTER 8.  TEACHING FROM DEPTH, INTERCONNECTEDNESS AND INTEGRITY
 []

[100]
Underfull \hbox (badness 10000) in paragraph at lines 3147--3150

 []


Underfull \hbox (badness 10000) in paragraph at lines 3150--3153

 []


Underfull \hbox (badness 10000) in paragraph at lines 3181--3183

 []


Underfull \hbox (badness 10000) in paragraph at lines 3184--3186

 []


Underfull \hbox (badness 10000) in paragraph at lines 3196--3198

 []


Underfull \hbox (badness 10000) in paragraph at lines 3198--3203

 []


Underfull \hbox (badness 10000) in paragraph at lines 3203--3206

 []


Underfull \hbox (badness 10000) in paragraph at lines 3206--3208

 []


Underfull \hbox (badness 10000) in paragraph at lines 3225--3227

 []


Underfull \hbox (badness 10000) in paragraph at lines 3227--3229

 []


Underfull \hbox (badness 10000) in paragraph at lines 3229--3231

 []


Underfull \vbox (badness 10000) has occurred while \output is active []

[101]
Overfull \vbox (35.9463pt too high) has occurred while \output is active []


Overfull \hbox (76.72563pt too wide) has occurred while \output is active
\TU/lmr/m/n/10 102 \TU/lmr/m/sl/10 CHAPTER 8.  TEACHING FROM DEPTH, INTERCONNECTEDNESS AND INTEGRITY
 []

[102]
Underfull \hbox (badness 10000) in paragraph at lines 3262--3264

 []


Underfull \hbox (badness 10000) in paragraph at lines 3264--3266

 []


Underfull \hbox (badness 10000) in paragraph at lines 3266--3268

 []


Underfull \hbox (badness 10000) in paragraph at lines 3276--3280

 []


Underfull \hbox (badness 10000) in paragraph at lines 3280--3288

 []


Underfull \hbox (badness 10000) in paragraph at lines 3288--3296

 []


Underfull \hbox (badness 10000) in paragraph at lines 3296--3299

 []


Overfull \vbox (77.7763pt too high) has occurred while \output is active []

[103]
Underfull \hbox (badness 10000) in paragraph at lines 3321--3323

 []


Underfull \hbox (badness 10000) in paragraph at lines 3323--3326

 []


Underfull \hbox (badness 10000) in paragraph at lines 3326--3329

 []


Underfull \hbox (badness 10000) in paragraph at lines 3340--3342

 []


Underfull \hbox (badness 10000) in paragraph at lines 3342--3344

 []


Underfull \hbox (badness 10000) in paragraph at lines 3344--3346

 []


Underfull \hbox (badness 10000) in paragraph at lines 3346--3348

 []


Underfull \hbox (badness 10000) in paragraph at lines 3348--3350

 []


Overfull \hbox (76.72563pt too wide) has occurred while \output is active
\TU/lmr/m/n/10 104 \TU/lmr/m/sl/10 CHAPTER 8.  TEACHING FROM DEPTH, INTERCONNECTEDNESS AND INTEGRITY
 []

[104]
Chapter 9.
File: assets/unit9/BannerUnit9.jpg Graphic file (type bmp)
<assets/unit9/BannerUnit9.jpg>

Underfull \hbox (badness 10000) in paragraph at lines 3373--3375

 []


Underfull \hbox (badness 10000) in paragraph at lines 3388--3390

 []

[105

]
Underfull \hbox (badness 10000) in paragraph at lines 3402--3404

 []


Underfull \hbox (badness 10000) in paragraph at lines 3404--3406

 []


Underfull \hbox (badness 10000) in paragraph at lines 3406--3408

 []


Underfull \hbox (badness 10000) in paragraph at lines 3434--3436

 []

[106] [107]
Underfull \hbox (badness 10000) in paragraph at lines 3500--3502

 []


Underfull \vbox (badness 10000) has occurred while \output is active []

[108]
Overfull \hbox (115.94014pt too wide) has occurred while \output is active
\TU/lmr/m/sl/10 9.2.  APPROACHES TO MAKING A CONTRIBUTION IN AN INTELLECTUALLY HUMBLE WAY \TU/lmr/m/n/10 109
 []

[109]
Underfull \hbox (badness 1082) in paragraph at lines 3533--3539
\TU/lmr/m/n/10 nitive and Interpersonal Features of Intellectual Humility. \TU/lmr/m/it/10 Per-
 []


Underfull \vbox (badness 10000) has occurred while \output is active []

[110]
Overfull \hbox (115.94014pt too wide) has occurred while \output is active
\TU/lmr/m/sl/10 9.2.  APPROACHES TO MAKING A CONTRIBUTION IN AN INTELLECTUALLY HUMBLE WAY \TU/lmr/m/n/10 111
 []

[111]
Underfull \hbox (badness 10000) in paragraph at lines 3636--3638

 []


Underfull \hbox (badness 10000) in paragraph at lines 3638--3640

 []


Underfull \hbox (badness 10000) in paragraph at lines 3640--3642

 []


Underfull \hbox (badness 10000) in paragraph at lines 3650--3654

 []


Underfull \hbox (badness 10000) in paragraph at lines 3654--3662

 []


Underfull \hbox (badness 10000) in paragraph at lines 3662--3670

 []


Underfull \hbox (badness 10000) in paragraph at lines 3670--3673

 []


Underfull \vbox (badness 10000) has occurred while \output is active []

[112]
Overfull \vbox (109.9463pt too high) has occurred while \output is active []


Overfull \hbox (115.94014pt too wide) has occurred while \output is active
\TU/lmr/m/sl/10 9.2.  APPROACHES TO MAKING A CONTRIBUTION IN AN INTELLECTUALLY HUMBLE WAY \TU/lmr/m/n/10 113
 []

[113]
Underfull \hbox (badness 10000) in paragraph at lines 3698--3702

 []


Underfull \hbox (badness 10000) in paragraph at lines 3702--3705

 []


Underfull \hbox (badness 10000) in paragraph at lines 3705--3707

 []


Underfull \hbox (badness 10000) in paragraph at lines 3719--3721

 []


Underfull \hbox (badness 10000) in paragraph at lines 3721--3723

 []


Underfull \hbox (badness 10000) in paragraph at lines 3723--3725

 []


Underfull \hbox (badness 10000) in paragraph at lines 3725--3727

 []

[114]
Overfull \hbox (115.94014pt too wide) has occurred while \output is active
\TU/lmr/m/sl/10 9.2.  APPROACHES TO MAKING A CONTRIBUTION IN AN INTELLECTUALLY HUMBLE WAY \TU/lmr/m/n/10 115
 []

[115] [116

]
Chapter 10.
File: assets/unit10/BannerUnit10.jpg Graphic file (type bmp)
<assets/unit10/BannerUnit10.jpg>
[117]
Underfull \hbox (badness 10000) in paragraph at lines 3754--3756

 []


Underfull \hbox (badness 10000) in paragraph at lines 3756--3758

 []


Underfull \hbox (badness 10000) in paragraph at lines 3769--3771

 []


Underfull \hbox (badness 10000) in paragraph at lines 3783--3785

 []


Underfull \hbox (badness 10000) in paragraph at lines 3785--3787

 []


Underfull \hbox (badness 10000) in paragraph at lines 3802--3804

 []


Underfull \hbox (badness 10000) in paragraph at lines 3804--3806

 []

[118]
Underfull \hbox (badness 10000) in paragraph at lines 3816--3818

 []

[119] [120]
Underfull \vbox (badness 10000) has occurred while \output is active []


Overfull \hbox (66.88234pt too wide) has occurred while \output is active
\TU/lmr/m/sl/10 10.2.  ADMINISTRATIVE AND SUPERVISORY ASPECTS OF AN ADULT EDUCATOR \TU/lmr/m/n/10 121
 []

[121]
Underfull \vbox (badness 10000) has occurred while \output is active []

[122]
Underfull \hbox (badness 10000) in paragraph at lines 3979--3983

 []


Underfull \hbox (badness 10000) in paragraph at lines 3983--3991

 []


Underfull \hbox (badness 10000) in paragraph at lines 3991--3999

 []


Underfull \hbox (badness 10000) in paragraph at lines 3999--4002

 []


Underfull \vbox (badness 10000) has occurred while \output is active []


Overfull \hbox (66.88234pt too wide) has occurred while \output is active
\TU/lmr/m/sl/10 10.2.  ADMINISTRATIVE AND SUPERVISORY ASPECTS OF AN ADULT EDUCATOR \TU/lmr/m/n/10 123
 []

[123]
Overfull \vbox (103.85568pt too high) has occurred while \output is active []

[124]
Underfull \hbox (badness 10000) in paragraph at lines 4024--4026

 []


Underfull \hbox (badness 10000) in paragraph at lines 4026--4029

 []


Underfull \hbox (badness 10000) in paragraph at lines 4041--4043

 []


Underfull \hbox (badness 10000) in paragraph at lines 4043--4045

 []


Underfull \hbox (badness 10000) in paragraph at lines 4045--4047

 []


Underfull \hbox (badness 10000) in paragraph at lines 4047--4049

 []


Overfull \hbox (66.88234pt too wide) has occurred while \output is active
\TU/lmr/m/sl/10 10.2.  ADMINISTRATIVE AND SUPERVISORY ASPECTS OF AN ADULT EDUCATOR \TU/lmr/m/n/10 125
 []

[125] [126

]
Overfull \hbox (12.18124pt too wide) in paragraph at lines 4085--4086
[]\TU/lmr/m/n/10 Mark  
 []


Overfull \hbox (46.67125pt too wide) in paragraph at lines 4091--4091
\TU/lmr/bx/n/10 10\TU/lmr/m/it/10 Exemplary|  
 []


Overfull \hbox (37.40126pt too wide) in paragraph at lines 4092--4092
\TU/lmr/bx/n/10 8\TU/lmr/m/it/10 Proficient|  
 []


Overfull \hbox (42.25125pt too wide) in paragraph at lines 4093--4093
\TU/lmr/bx/n/10 5\TU/lmr/m/it/10 Developing|  
 []


Overfull \hbox (57.76125pt too wide) in paragraph at lines 4094--4094
\TU/lmr/bx/n/10 2\TU/lmr/m/n/10 Unsatisfactory|  
 []


Overfull \hbox (41.69125pt too wide) in paragraph at lines 4095--4095
[]|\TU/lmr/bx/n/10 0\TU/lmr/m/it/10 Incomplete|  
 []

[127] [128]
Overfull \hbox (2.75858pt too wide) in paragraph at lines 4132--4133
[]\TU/lmr/m/n/10 Unsatisfactory  
 []


Overfull \hbox (54.1382pt too wide) in paragraph at lines 4142--4142
[]|\TU/lmr/bx/n/10 APA/Writing|  
 []


Overfull \hbox (37.0282pt too wide) in paragraph at lines 4143--4143
[]|\TU/lmr/bx/n/10 Statement 
 []


Overfull \hbox (18.3582pt too wide) in paragraph at lines 4143--4143
\TU/lmr/bx/n/10 Teach- 
 []


Overfull \hbox (0.7782pt too wide) in paragraph at lines 4143--4143
\TU/lmr/bx/n/10 ing 
 []


Overfull \hbox (11.6882pt too wide) in paragraph at lines 4143--4143
\TU/lmr/bx/n/10 Iden- 
 []


Overfull \hbox (3.3282pt too wide) in paragraph at lines 4143--4143
\TU/lmr/bx/n/10 tity|  
 []


Overfull \hbox (18.50858pt too wide) in paragraph at lines 4143--4143
\TU/lmr/m/n/10 teacher/facilitator|  
 []


Overfull \hbox (10.57074pt too wide) in paragraph at lines 4143--4143
\TU/lmr/m/n/10 teacher/facilitator.|  
 []


Overfull \hbox (14.43188pt too wide) in paragraph at lines 4143--4144
\TU/lmr/m/n/10 teacher/facilitator. 
 []


Overfull \hbox (41.2182pt too wide) in paragraph at lines 4144--4144
[]|\TU/lmr/bx/n/10 Developing 
 []


Overfull \hbox (3.3382pt too wide) in paragraph at lines 4144--4144
\TU/lmr/bx/n/10 Co- 
 []


Overfull \hbox (0.9382pt too wide) in paragraph at lines 4144--4144
\TU/lmr/bx/n/10 he- 
 []


Overfull \hbox (4.1982pt too wide) in paragraph at lines 4144--4144
\TU/lmr/bx/n/10 sive 
 []


Overfull \hbox (3.81819pt too wide) in paragraph at lines 4144--4144
\TU/lmr/bx/n/10 and 
 []


Overfull \hbox (7.6982pt too wide) in paragraph at lines 4144--4144
\TU/lmr/bx/n/10 Log- 
 []


Overfull \hbox (8.34819pt too wide) in paragraph at lines 4144--4144
\TU/lmr/bx/n/10 Aca- 
 []


Overfull \hbox (14.9882pt too wide) in paragraph at lines 4144--4144
\TU/lmr/bx/n/10 demic 
 []


Overfull \hbox (2.70819pt too wide) in paragraph at lines 4144--4144
\TU/lmr/bx/n/10 Ar- 
 []


Overfull \hbox (1.4182pt too wide) in paragraph at lines 4144--4144
\TU/lmr/bx/n/10 gu- 
 []


Overfull \hbox (10.8382pt too wide) in paragraph at lines 4144--4144
\TU/lmr/bx/n/10 ment|  
 []


Overfull \hbox (27.6482pt too wide) in paragraph at lines 4145--4145
[]|\TU/lmr/bx/n/10 Analysis 
 []


Overfull \hbox (11.6882pt too wide) in paragraph at lines 4145--4145
\TU/lmr/bx/n/10 Iden- 
 []


Overfull \hbox (3.3282pt too wide) in paragraph at lines 4145--4145
\TU/lmr/bx/n/10 tity 
 []


Overfull \hbox (24.5382pt too wide) in paragraph at lines 4145--4145
\TU/lmr/bx/n/10 Teacher|  
 []


Overfull \hbox (21.28859pt too wide) in paragraph at lines 4145--4145
\TU/lmr/m/n/10 teacher/facilitator. 
 []


Overfull \hbox (10.57074pt too wide) in paragraph at lines 4145--4145
\TU/lmr/m/n/10 teacher/facilitator. 
 []


Overfull \hbox (14.43188pt too wide) in paragraph at lines 4145--4146
\TU/lmr/m/n/10 teacher/facilitator. 
 []


Overfull \hbox (31.5482pt too wide) in paragraph at lines 4146--4146
[]|\TU/lmr/bx/n/10 Scholarly 
 []


Overfull \hbox (5.3582pt too wide) in paragraph at lines 4146--4146
\TU/lmr/bx/n/10 gra- 
 []


Overfull \hbox (5.2482pt too wide) in paragraph at lines 4146--4146
\TU/lmr/bx/n/10 tion|  
 []


Overfull \hbox (11.4882pt too wide) in paragraph at lines 4147--4147
[]|\TU/lmr/bx/n/10 Total|  
 []


Overfull \hbox (66.88234pt too wide) has occurred while \output is active
\TU/lmr/m/sl/10 10.2.  ADMINISTRATIVE AND SUPERVISORY ASPECTS OF AN ADULT EDUCATOR \TU/lmr/m/n/10 129
 []

[129] [130]
Overfull \hbox (66.88234pt too wide) has occurred while \output is active
\TU/lmr/m/sl/10 10.2.  ADMINISTRATIVE AND SUPERVISORY ASPECTS OF AN ADULT EDUCATOR \TU/lmr/m/n/10 131
 []

[131]
Underfull \hbox (badness 10000) in paragraph at lines 4170--4172

 []


Underfull \hbox (badness 10000) in paragraph at lines 4172--4177

 []


Underfull \hbox (badness 10000) in paragraph at lines 4177--4180

 []


Underfull \hbox (badness 10000) in paragraph at lines 4180--4182

 []


Underfull \hbox (badness 10000) in paragraph at lines 4199--4201

 []


Underfull \hbox (badness 10000) in paragraph at lines 4201--4203

 []


Underfull \hbox (badness 10000) in paragraph at lines 4203--4205

 []


Underfull \vbox (badness 10000) has occurred while \output is active []

[132]
Underfull \vbox (badness 1584) has occurred while \output is active []


Overfull \hbox (66.88234pt too wide) has occurred while \output is active
\TU/lmr/m/sl/10 10.2.  ADMINISTRATIVE AND SUPERVISORY ASPECTS OF AN ADULT EDUCATOR \TU/lmr/m/n/10 133
 []

[133]
Overfull \hbox (15.49536pt too wide) in paragraph at lines 4237--4237
[]|\TU/lmr/bx/n/10 Developing 
 []


Overfull \hbox (1.92535pt too wide) in paragraph at lines 4238--4238
[]|\TU/lmr/bx/n/10 Analysis 
 []


Overfull \hbox (13.27536pt too wide) in paragraph at lines 4239--4239
[]|\TU/lmr/bx/n/10 Evaluation 
 []


Overfull \hbox (1.92535pt too wide) in paragraph at lines 4240--4240
[]|\TU/lmr/bx/n/10 Analysis 
 []


Overfull \hbox (5.82536pt too wide) in paragraph at lines 4241--4241
[]|\TU/lmr/bx/n/10 Scholarly 
 []

[134]
Overfull \hbox (66.88234pt too wide) has occurred while \output is active
\TU/lmr/m/sl/10 10.2.  ADMINISTRATIVE AND SUPERVISORY ASPECTS OF AN ADULT EDUCATOR \TU/lmr/m/n/10 135
 []

[135] [136]
Overfull \hbox (66.88234pt too wide) has occurred while \output is active
\TU/lmr/m/sl/10 10.2.  ADMINISTRATIVE AND SUPERVISORY ASPECTS OF AN ADULT EDUCATOR \TU/lmr/m/n/10 137
 []

[137]
Underfull \hbox (badness 10000) in paragraph at lines 4272--4274

 []


Underfull \hbox (badness 10000) in paragraph at lines 4274--4276

 []


Underfull \hbox (badness 10000) in paragraph at lines 4276--4278

 []


Underfull \hbox (badness 10000) in paragraph at lines 4286--4290

 []


Underfull \hbox (badness 10000) in paragraph at lines 4290--4298

 []


Underfull \hbox (badness 10000) in paragraph at lines 4298--4306

 []


Underfull \hbox (badness 10000) in paragraph at lines 4306--4309

 []


Underfull \vbox (badness 10000) has occurred while \output is active []

[138]
Overfull \vbox (82.21368pt too high) has occurred while \output is active []


Overfull \hbox (66.88234pt too wide) has occurred while \output is active
\TU/lmr/m/sl/10 10.2.  ADMINISTRATIVE AND SUPERVISORY ASPECTS OF AN ADULT EDUCATOR \TU/lmr/m/n/10 139
 []

[139]
Overfull \hbox (60.34232pt too wide) in paragraph at lines 4341--4341
[]|\TU/lmr/bx/n/10 APA/Writing|  
 []


Overfull \hbox (47.42232pt too wide) in paragraph at lines 4342--4342
[]|\TU/lmr/bx/n/10 Developing 
 []


Overfull \hbox (9.54231pt too wide) in paragraph at lines 4342--4342
\TU/lmr/bx/n/10 Co- 
 []


Overfull \hbox (7.14232pt too wide) in paragraph at lines 4342--4342
\TU/lmr/bx/n/10 he- 
 []


Overfull \hbox (10.40231pt too wide) in paragraph at lines 4342--4342
\TU/lmr/bx/n/10 sive 
 []


Overfull \hbox (10.02231pt too wide) in paragraph at lines 4342--4342
\TU/lmr/bx/n/10 and 
 []


Overfull \hbox (13.90231pt too wide) in paragraph at lines 4342--4342
\TU/lmr/bx/n/10 Log- 
 []


Overfull \hbox (5.54231pt too wide) in paragraph at lines 4342--4342
\TU/lmr/bx/n/10 cal 
 []


Overfull \hbox (14.5523pt too wide) in paragraph at lines 4342--4342
\TU/lmr/bx/n/10 Aca- 
 []


Overfull \hbox (21.19232pt too wide) in paragraph at lines 4342--4342
\TU/lmr/bx/n/10 demic 
 []


Overfull \hbox (8.91231pt too wide) in paragraph at lines 4342--4342
\TU/lmr/bx/n/10 Ar- 
 []


Overfull \hbox (7.62231pt too wide) in paragraph at lines 4342--4342
\TU/lmr/bx/n/10 gu- 
 []


Overfull \hbox (17.04231pt too wide) in paragraph at lines 4342--4342
\TU/lmr/bx/n/10 ment|  
 []


Overfull \hbox (16.45232pt too wide) in paragraph at lines 4343--4343
[]|\TU/lmr/bx/n/10 Ideal 
 []


Overfull \hbox (24.39232pt too wide) in paragraph at lines 4343--4343
\TU/lmr/bx/n/10 Learn- 
 []


Overfull \hbox (6.98232pt too wide) in paragraph at lines 4343--4343
\TU/lmr/bx/n/10 ing 
 []


Overfull \hbox (9.43231pt too wide) in paragraph at lines 4343--4343
\TU/lmr/bx/n/10 En- 
 []


Overfull \hbox (4.74231pt too wide) in paragraph at lines 4343--4343
\TU/lmr/bx/n/10 vi- 
 []


Overfull \hbox (12.36232pt too wide) in paragraph at lines 4343--4343
\TU/lmr/bx/n/10 ron- 
 []


Overfull \hbox (17.04231pt too wide) in paragraph at lines 4343--4343
\TU/lmr/bx/n/10 ment|  
 []


Overfull \hbox (16.26231pt too wide) in paragraph at lines 4344--4344
[]|\TU/lmr/bx/n/10 Your 
 []


Overfull \hbox (14.49231pt too wide) in paragraph at lines 4344--4344
\TU/lmr/bx/n/10 Role 
 []


Overfull \hbox (1.78232pt too wide) in paragraph at lines 4344--4344
\TU/lmr/bx/n/10 as 
 []


Overfull \hbox (30.74231pt too wide) in paragraph at lines 4344--4344
\TU/lmr/bx/n/10 Teacher 
 []


Overfull \hbox (10.02231pt too wide) in paragraph at lines 4344--4344
\TU/lmr/bx/n/10 and 
 []


Overfull \hbox (25.83232pt too wide) in paragraph at lines 4344--4344
\TU/lmr/bx/n/10 Leader|  
 []


Overfull \hbox (37.75232pt too wide) in paragraph at lines 4345--4345
[]|\TU/lmr/bx/n/10 Scholarly 
 []


Overfull \hbox (6.23232pt too wide) in paragraph at lines 4345--4345
\TU/lmr/bx/n/10 In- 
 []


Overfull \hbox (5.22232pt too wide) in paragraph at lines 4345--4345
\TU/lmr/bx/n/10 te- 
 []


Overfull \hbox (11.56232pt too wide) in paragraph at lines 4345--4345
\TU/lmr/bx/n/10 gra- 
 []


Overfull \hbox (11.45232pt too wide) in paragraph at lines 4345--4345
\TU/lmr/bx/n/10 tion|  
 []


Overfull \hbox (17.69232pt too wide) in paragraph at lines 4346--4346
[]|\TU/lmr/bx/n/10 Total|  
 []

[140]
Overfull \hbox (66.88234pt too wide) has occurred while \output is active
\TU/lmr/m/sl/10 10.2.  ADMINISTRATIVE AND SUPERVISORY ASPECTS OF AN ADULT EDUCATOR \TU/lmr/m/n/10 141
 []

[141] [142]
Overfull \hbox (66.88234pt too wide) has occurred while \output is active
\TU/lmr/m/sl/10 10.2.  ADMINISTRATIVE AND SUPERVISORY ASPECTS OF AN ADULT EDUCATOR \TU/lmr/m/n/10 143
 []

[143] [144] [145

] [146]
Underfull \hbox (badness 10000) in paragraph at lines 4413--4414
\TU/lmr/m/n/10 Available at []$[][][][][] [] [] [] [][][][][][][][][][][][][][][][] [] [][][] [] [][][][][][][][] [][] [][][][][][][] [][] [][][][][][][][][][] [][]
 []

[147

] [148]
No file LDRS664.bbl.

Overfull \hbox (66.88234pt too wide) has occurred while \output is active
\TU/lmr/m/sl/10 10.2.  ADMINISTRATIVE AND SUPERVISORY ASPECTS OF AN ADULT EDUCATOR \TU/lmr/m/n/10 149
 []

[149] (./LDRS664.aux)
Package rerunfilecheck Info: File `LDRS664.out' has not changed.
(rerunfilecheck)             Checksum: BAF6A652B4D0E3916E4A78C31CF477A7;18319.
 ) 
Here is how much of TeX's memory you used:
 26958 strings out of 478687
 544801 string characters out of 5846782
 1880001 words of memory out of 5000000
 46622 multiletter control sequences out of 15000+600000
 518746 words of font info for 86 fonts, out of 8000000 for 9000
 14 hyphenation exceptions out of 8191
 86i,7n,121p,2064b,489s stack positions out of 10000i,1000n,20000p,200000b,200000s

Output written on LDRS664.pdf (149 pages).
